{"/home/travis/build/npmtest/node-npmtest-consul/test.js":{"path":"/home/travis/build/npmtest/node-npmtest-consul/test.js","s":{"1":2,"2":2,"3":2,"4":2,"5":2,"6":2,"7":2,"8":1,"9":2,"10":2,"11":1,"12":1,"13":1,"14":1,"15":2,"16":2,"17":2,"18":2,"19":1,"20":1,"21":2,"22":2,"23":2,"24":1,"25":1,"26":1,"27":1,"28":1,"29":1,"30":1,"31":1,"32":1,"33":1,"34":1,"35":1,"36":1,"37":1,"38":1,"39":2,"40":2,"41":1,"42":2,"43":2,"44":1,"45":2,"46":2,"47":1,"48":2,"49":2,"50":1,"51":1,"52":1,"53":1,"54":1},"b":{"1":[2,1,1,1],"2":[1,1,1,1],"3":[1,1],"4":[1,1],"5":[1,1],"6":[1,1],"7":[1,1],"8":[1,1],"9":[1,1],"10":[1,1,1],"11":[1,1],"12":[1,1],"13":[1,1],"14":[1,1],"15":[1,1],"16":[1,1],"17":[1,1]},"f":{"1":2,"2":2,"3":2,"4":2,"5":2,"6":1,"7":1,"8":1,"9":2,"10":2,"11":2,"12":2,"13":1},"fnMap":{"1":{"name":"(anonymous_1)","line":12,"loc":{"start":{"line":12,"column":1},"end":{"line":12,"column":13}}},"2":{"name":"(anonymous_2)","line":19,"loc":{"start":{"line":19,"column":5},"end":{"line":19,"column":17}}},"3":{"name":"(anonymous_3)","line":23,"loc":{"start":{"line":23,"column":24},"end":{"line":23,"column":36}}},"4":{"name":"(anonymous_4)","line":61,"loc":{"start":{"line":61,"column":5},"end":{"line":61,"column":17}}},"5":{"name":"(anonymous_5)","line":82,"loc":{"start":{"line":82,"column":5},"end":{"line":82,"column":17}}},"6":{"name":"(anonymous_6)","line":91,"loc":{"start":{"line":91,"column":77},"end":{"line":94,"column":10}}},"7":{"name":"(anonymous_7)","line":112,"loc":{"start":{"line":112,"column":83},"end":{"line":115,"column":10}},"skip":true},"8":{"name":"(anonymous_8)","line":123,"loc":{"start":{"line":123,"column":77},"end":{"line":126,"column":10}},"skip":true},"9":{"name":"(anonymous_9)","line":139,"loc":{"start":{"line":139,"column":12},"end":{"line":139,"column":40}},"skip":true},"10":{"name":"(anonymous_10)","line":147,"loc":{"start":{"line":147,"column":77},"end":{"line":150,"column":10}},"skip":true},"11":{"name":"(anonymous_11)","line":158,"loc":{"start":{"line":158,"column":83},"end":{"line":161,"column":10}},"skip":true},"12":{"name":"(anonymous_12)","line":169,"loc":{"start":{"line":169,"column":79},"end":{"line":172,"column":10}},"skip":true},"13":{"name":"(anonymous_13)","line":180,"loc":{"start":{"line":180,"column":75},"end":{"line":183,"column":10}},"skip":true}},"statementMap":{"1":{"start":{"line":12,"column":0},"end":{"line":195,"column":5}},"2":{"start":{"line":14,"column":4},"end":{"line":14,"column":14}},"3":{"start":{"line":19,"column":4},"end":{"line":56,"column":9}},"4":{"start":{"line":21,"column":8},"end":{"line":21,"column":19}},"5":{"start":{"line":23,"column":8},"end":{"line":35,"column":13}},"6":{"start":{"line":24,"column":12},"end":{"line":34,"column":13}},"7":{"start":{"line":25,"column":16},"end":{"line":28,"column":30}},"8":{"start":{"line":30,"column":16},"end":{"line":33,"column":27}},"9":{"start":{"line":37,"column":8},"end":{"line":39,"column":21}},"10":{"start":{"line":40,"column":8},"end":{"line":53,"column":9}},"11":{"start":{"line":43,"column":12},"end":{"line":46,"column":14}},"12":{"start":{"line":47,"column":12},"end":{"line":47,"column":18}},"13":{"start":{"line":50,"column":12},"end":{"line":51,"column":46}},"14":{"start":{"line":52,"column":12},"end":{"line":52,"column":18}},"15":{"start":{"line":55,"column":8},"end":{"line":55,"column":35}},"16":{"start":{"line":61,"column":4},"end":{"line":63,"column":9}},"17":{"start":{"line":62,"column":8},"end":{"line":62,"column":15}},"18":{"start":{"line":64,"column":4},"end":{"line":77,"column":5}},"19":{"start":{"line":70,"column":8},"end":{"line":70,"column":14}},"20":{"start":{"line":76,"column":8},"end":{"line":76,"column":14}},"21":{"start":{"line":82,"column":4},"end":{"line":84,"column":9}},"22":{"start":{"line":83,"column":8},"end":{"line":83,"column":15}},"23":{"start":{"line":85,"column":4},"end":{"line":194,"column":5}},"24":{"start":{"line":91,"column":8},"end":{"line":99,"column":10}},"25":{"start":{"line":98,"column":12},"end":{"line":98,"column":35}},"26":{"start":{"line":102,"column":8},"end":{"line":104,"column":63}},"27":{"start":{"line":105,"column":8},"end":{"line":105,"column":14}},"28":{"start":{"line":112,"column":8},"end":{"line":121,"column":10},"skip":true},"29":{"start":{"line":119,"column":12},"end":{"line":119,"column":55},"skip":true},"30":{"start":{"line":120,"column":12},"end":{"line":120,"column":48},"skip":true},"31":{"start":{"line":123,"column":8},"end":{"line":136,"column":10},"skip":true},"32":{"start":{"line":130,"column":12},"end":{"line":130,"column":76},"skip":true},"33":{"start":{"line":131,"column":12},"end":{"line":131,"column":73},"skip":true},"34":{"start":{"line":132,"column":12},"end":{"line":132,"column":74},"skip":true},"35":{"start":{"line":133,"column":12},"end":{"line":133,"column":79},"skip":true},"36":{"start":{"line":134,"column":12},"end":{"line":134,"column":25},"skip":true},"37":{"start":{"line":135,"column":12},"end":{"line":135,"column":45},"skip":true},"38":{"start":{"line":138,"column":8},"end":{"line":145,"column":14},"skip":true},"39":{"start":{"line":143,"column":16},"end":{"line":143,"column":29},"skip":true},"40":{"start":{"line":144,"column":16},"end":{"line":144,"column":55},"skip":true},"41":{"start":{"line":147,"column":8},"end":{"line":156,"column":10},"skip":true},"42":{"start":{"line":154,"column":12},"end":{"line":154,"column":25},"skip":true},"43":{"start":{"line":155,"column":12},"end":{"line":155,"column":45},"skip":true},"44":{"start":{"line":158,"column":8},"end":{"line":167,"column":10},"skip":true},"45":{"start":{"line":165,"column":12},"end":{"line":165,"column":25},"skip":true},"46":{"start":{"line":166,"column":12},"end":{"line":166,"column":48},"skip":true},"47":{"start":{"line":169,"column":8},"end":{"line":178,"column":10},"skip":true},"48":{"start":{"line":176,"column":12},"end":{"line":176,"column":25},"skip":true},"49":{"start":{"line":177,"column":12},"end":{"line":177,"column":46},"skip":true},"50":{"start":{"line":180,"column":8},"end":{"line":189,"column":10},"skip":true},"51":{"start":{"line":187,"column":12},"end":{"line":187,"column":94},"skip":true},"52":{"start":{"line":188,"column":12},"end":{"line":188,"column":48},"skip":true},"53":{"start":{"line":192,"column":8},"end":{"line":192,"column":35},"skip":true},"54":{"start":{"line":193,"column":8},"end":{"line":193,"column":14},"skip":true}},"branchMap":{"1":{"line":25,"type":"binary-expr","locations":[{"start":{"line":25,"column":23},"end":{"line":25,"column":62}},{"start":{"line":26,"column":20},"end":{"line":26,"column":70}},{"start":{"line":27,"column":20},"end":{"line":27,"column":71}},{"start":{"line":28,"column":20},"end":{"line":28,"column":29}}]},"2":{"line":30,"type":"binary-expr","locations":[{"start":{"line":30,"column":23},"end":{"line":30,"column":37}},{"start":{"line":31,"column":20},"end":{"line":31,"column":61}},{"start":{"line":32,"column":20},"end":{"line":32,"column":70}},{"start":{"line":33,"column":20},"end":{"line":33,"column":26}}]},"3":{"line":37,"type":"cond-expr","locations":[{"start":{"line":38,"column":14},"end":{"line":38,"column":20}},{"start":{"line":39,"column":14},"end":{"line":39,"column":20}}]},"4":{"line":40,"type":"switch","locations":[{"start":{"line":42,"column":8},"end":{"line":47,"column":18}},{"start":{"line":49,"column":8},"end":{"line":52,"column":18}}]},"5":{"line":44,"type":"binary-expr","locations":[{"start":{"line":44,"column":16},"end":{"line":44,"column":44}},{"start":{"line":44,"column":48},"end":{"line":44,"column":66}}]},"6":{"line":50,"type":"binary-expr","locations":[{"start":{"line":50,"column":21},"end":{"line":50,"column":49}},{"start":{"line":50,"column":53},"end":{"line":50,"column":72}}]},"7":{"line":64,"type":"switch","locations":[{"start":{"line":69,"column":4},"end":{"line":70,"column":14}},{"start":{"line":75,"column":4},"end":{"line":76,"column":14}}]},"8":{"line":85,"type":"switch","locations":[{"start":{"line":90,"column":4},"end":{"line":105,"column":14}},{"start":{"line":111,"column":4},"end":{"line":193,"column":14},"skip":true}]},"9":{"line":91,"type":"binary-expr","locations":[{"start":{"line":91,"column":42},"end":{"line":91,"column":73}},{"start":{"line":91,"column":77},"end":{"line":99,"column":9}}]},"10":{"line":102,"type":"binary-expr","locations":[{"start":{"line":102,"column":18},"end":{"line":102,"column":32}},{"start":{"line":103,"column":12},"end":{"line":103,"column":53}},{"start":{"line":104,"column":12},"end":{"line":104,"column":61}}]},"11":{"line":112,"type":"binary-expr","locations":[{"start":{"line":112,"column":45},"end":{"line":112,"column":79},"skip":true},{"start":{"line":112,"column":83},"end":{"line":121,"column":9},"skip":true}]},"12":{"line":123,"type":"binary-expr","locations":[{"start":{"line":123,"column":42},"end":{"line":123,"column":73},"skip":true},{"start":{"line":123,"column":77},"end":{"line":136,"column":9},"skip":true}]},"13":{"line":138,"type":"binary-expr","locations":[{"start":{"line":138,"column":48},"end":{"line":138,"column":85},"skip":true},{"start":{"line":139,"column":12},"end":{"line":145,"column":13},"skip":true}]},"14":{"line":147,"type":"binary-expr","locations":[{"start":{"line":147,"column":42},"end":{"line":147,"column":73},"skip":true},{"start":{"line":147,"column":77},"end":{"line":156,"column":9},"skip":true}]},"15":{"line":158,"type":"binary-expr","locations":[{"start":{"line":158,"column":45},"end":{"line":158,"column":79},"skip":true},{"start":{"line":158,"column":83},"end":{"line":167,"column":9},"skip":true}]},"16":{"line":169,"type":"binary-expr","locations":[{"start":{"line":169,"column":43},"end":{"line":169,"column":75},"skip":true},{"start":{"line":169,"column":79},"end":{"line":178,"column":9},"skip":true}]},"17":{"line":180,"type":"binary-expr","locations":[{"start":{"line":180,"column":41},"end":{"line":180,"column":71},"skip":true},{"start":{"line":180,"column":75},"end":{"line":189,"column":9},"skip":true}]}},"code":["/* istanbul instrument in package npmtest_consul */","/*jslint","    bitwise: true,","    browser: true,","    maxerr: 8,","    maxlen: 96,","    node: true,","    nomen: true,","    regexp: true,","    stupid: true","*/","(function () {","    'use strict';","    var local;","","","","    // run shared js-env code - pre-init","    (function () {","        // init local","        local = {};","        // init modeJs","        local.modeJs = (function () {","            try {","                return typeof navigator.userAgent === 'string' &&","                    typeof document.querySelector('body') === 'object' &&","                    typeof XMLHttpRequest.prototype.open === 'function' &&","                    'browser';","            } catch (errorCaughtBrowser) {","                return module.exports &&","                    typeof process.versions.node === 'string' &&","                    typeof require('http').createServer === 'function' &&","                    'node';","            }","        }());","        // init global","        local.global = local.modeJs === 'browser'","            ? window","            : global;","        switch (local.modeJs) {","        // re-init local from window.local","        case 'browser':","            local = local.global.utility2.objectSetDefault(","                local.global.utility2_rollup || local.global.local,","                local.global.utility2","            );","            break;","        // re-init local from example.js","        case 'node':","            local = (local.global.utility2_rollup || require('utility2'))","                .requireExampleJsFromReadme();","            break;","        }","        // export local","        local.global.local = local;","    }());","","","","    // run shared js-env code - function","    (function () {","        return;","    }());","    switch (local.modeJs) {","","","","    // run browser js-env code - function","    case 'browser':","        break;","","","","    // run node js-env code - function","    case 'node':","        break;","    }","","","","    // run shared js-env code - post-init","    (function () {","        return;","    }());","    switch (local.modeJs) {","","","","    // run browser js-env code - post-init","    case 'browser':","        local.testCase_browser_nullCase = local.testCase_browser_nullCase || function (","            options,","            onError","        ) {","        /*","         * this function will test browsers's null-case handling-behavior-behavior","         */","            onError(null, options);","        };","","        // run tests","        local.nop(local.modeTest &&","            document.querySelector('#testRunButton1') &&","            document.querySelector('#testRunButton1').click());","        break;","","","","    // run node js-env code - post-init","    /* istanbul ignore next */","    case 'node':","        local.testCase_buildApidoc_default = local.testCase_buildApidoc_default || function (","            options,","            onError","        ) {","        /*","         * this function will test buildApidoc's default handling-behavior-behavior","         */","            options = { modulePathList: module.paths };","            local.buildApidoc(options, onError);","        };","","        local.testCase_buildApp_default = local.testCase_buildApp_default || function (","            options,","            onError","        ) {","        /*","         * this function will test buildApp's default handling-behavior-behavior","         */","            local.testCase_buildReadme_default(options, local.onErrorThrow);","            local.testCase_buildLib_default(options, local.onErrorThrow);","            local.testCase_buildTest_default(options, local.onErrorThrow);","            local.testCase_buildCustomOrg_default(options, local.onErrorThrow);","            options = [];","            local.buildApp(options, onError);","        };","","        local.testCase_buildCustomOrg_default = local.testCase_buildCustomOrg_default ||","            function (options, onError) {","            /*","             * this function will test buildCustomOrg's default handling-behavior","             */","                options = {};","                local.buildCustomOrg(options, onError);","            };","","        local.testCase_buildLib_default = local.testCase_buildLib_default || function (","            options,","            onError","        ) {","        /*","         * this function will test buildLib's default handling-behavior","         */","            options = {};","            local.buildLib(options, onError);","        };","","        local.testCase_buildReadme_default = local.testCase_buildReadme_default || function (","            options,","            onError","        ) {","        /*","         * this function will test buildReadme's default handling-behavior-behavior","         */","            options = {};","            local.buildReadme(options, onError);","        };","","        local.testCase_buildTest_default = local.testCase_buildTest_default || function (","            options,","            onError","        ) {","        /*","         * this function will test buildTest's default handling-behavior","         */","            options = {};","            local.buildTest(options, onError);","        };","","        local.testCase_webpage_default = local.testCase_webpage_default || function (","            options,","            onError","        ) {","        /*","         * this function will test webpage's default handling-behavior","         */","            options = { modeCoverageMerge: true, url: local.serverLocalHost + '?modeTest=1' };","            local.browserTest(options, onError);","        };","","        // run test-server","        local.testRunServer(local);","        break;","    }","}());",""],"l":{"12":2,"14":2,"19":2,"21":2,"23":2,"24":2,"25":2,"30":1,"37":2,"40":2,"43":1,"47":1,"50":1,"52":1,"55":2,"61":2,"62":2,"64":2,"70":1,"76":1,"82":2,"83":2,"85":2,"91":1,"98":1,"102":1,"105":1,"112":1,"119":1,"120":1,"123":1,"130":1,"131":1,"132":1,"133":1,"134":1,"135":1,"138":1,"143":2,"144":2,"147":1,"154":2,"155":2,"158":1,"165":2,"166":2,"169":1,"176":2,"177":2,"180":1,"187":1,"188":1,"192":1,"193":1}},"/home/travis/build/npmtest/node-npmtest-consul/lib.npmtest_consul.js":{"path":"/home/travis/build/npmtest/node-npmtest-consul/lib.npmtest_consul.js","s":{"1":2,"2":2,"3":2,"4":2,"5":2,"6":2,"7":2,"8":1,"9":2,"10":2,"11":2,"12":2,"13":1,"14":1,"15":1,"16":1},"b":{"1":[2,1,1,1],"2":[1,1,1,1],"3":[1,1],"4":[2,2],"5":[1,1]},"f":{"1":2,"2":2,"3":2},"fnMap":{"1":{"name":"(anonymous_1)","line":12,"loc":{"start":{"line":12,"column":1},"end":{"line":12,"column":13}}},"2":{"name":"(anonymous_2)","line":19,"loc":{"start":{"line":19,"column":5},"end":{"line":19,"column":17}}},"3":{"name":"(anonymous_3)","line":23,"loc":{"start":{"line":23,"column":24},"end":{"line":23,"column":36}}}},"statementMap":{"1":{"start":{"line":12,"column":0},"end":{"line":53,"column":5}},"2":{"start":{"line":14,"column":4},"end":{"line":14,"column":14}},"3":{"start":{"line":19,"column":4},"end":{"line":52,"column":9}},"4":{"start":{"line":21,"column":8},"end":{"line":21,"column":19}},"5":{"start":{"line":23,"column":8},"end":{"line":35,"column":13}},"6":{"start":{"line":24,"column":12},"end":{"line":34,"column":13}},"7":{"start":{"line":25,"column":16},"end":{"line":28,"column":30}},"8":{"start":{"line":30,"column":16},"end":{"line":33,"column":27}},"9":{"start":{"line":37,"column":8},"end":{"line":39,"column":21}},"10":{"start":{"line":41,"column":8},"end":{"line":41,"column":54}},"11":{"start":{"line":43,"column":8},"end":{"line":43,"column":51}},"12":{"start":{"line":45,"column":8},"end":{"line":51,"column":9}},"13":{"start":{"line":46,"column":12},"end":{"line":46,"column":57}},"14":{"start":{"line":48,"column":12},"end":{"line":48,"column":35}},"15":{"start":{"line":49,"column":12},"end":{"line":49,"column":49}},"16":{"start":{"line":50,"column":12},"end":{"line":50,"column":43}}},"branchMap":{"1":{"line":25,"type":"binary-expr","locations":[{"start":{"line":25,"column":23},"end":{"line":25,"column":62}},{"start":{"line":26,"column":20},"end":{"line":26,"column":70}},{"start":{"line":27,"column":20},"end":{"line":27,"column":71}},{"start":{"line":28,"column":20},"end":{"line":28,"column":29}}]},"2":{"line":30,"type":"binary-expr","locations":[{"start":{"line":30,"column":23},"end":{"line":30,"column":37}},{"start":{"line":31,"column":20},"end":{"line":31,"column":61}},{"start":{"line":32,"column":20},"end":{"line":32,"column":70}},{"start":{"line":33,"column":20},"end":{"line":33,"column":26}}]},"3":{"line":37,"type":"cond-expr","locations":[{"start":{"line":38,"column":14},"end":{"line":38,"column":20}},{"start":{"line":39,"column":14},"end":{"line":39,"column":20}}]},"4":{"line":41,"type":"binary-expr","locations":[{"start":{"line":41,"column":16},"end":{"line":41,"column":44}},{"start":{"line":41,"column":48},"end":{"line":41,"column":53}}]},"5":{"line":45,"type":"if","locations":[{"start":{"line":45,"column":8},"end":{"line":45,"column":8}},{"start":{"line":45,"column":8},"end":{"line":45,"column":8}}]}},"code":["/* istanbul instrument in package npmtest_consul */","/*jslint","    bitwise: true,","    browser: true,","    maxerr: 8,","    maxlen: 96,","    node: true,","    nomen: true,","    regexp: true,","    stupid: true","*/","(function () {","    'use strict';","    var local;","","","","    // run shared js-env code - pre-init","    (function () {","        // init local","        local = {};","        // init modeJs","        local.modeJs = (function () {","            try {","                return typeof navigator.userAgent === 'string' &&","                    typeof document.querySelector('body') === 'object' &&","                    typeof XMLHttpRequest.prototype.open === 'function' &&","                    'browser';","            } catch (errorCaughtBrowser) {","                return module.exports &&","                    typeof process.versions.node === 'string' &&","                    typeof require('http').createServer === 'function' &&","                    'node';","            }","        }());","        // init global","        local.global = local.modeJs === 'browser'","            ? window","            : global;","        // init utility2_rollup","        local = local.global.utility2_rollup || local;","        // init lib","        local.local = local.npmtest_consul = local;","        // init exports","        if (local.modeJs === 'browser') {","            local.global.utility2_npmtest_consul = local;","        } else {","            module.exports = local;","            module.exports.__dirname = __dirname;","            module.exports.module = module;","        }","    }());","}());",""],"l":{"12":2,"14":2,"19":2,"21":2,"23":2,"24":2,"25":2,"30":1,"37":2,"41":2,"43":2,"45":2,"46":1,"48":1,"49":1,"50":1}},"/home/travis/build/npmtest/node-npmtest-consul/example.js":{"path":"/home/travis/build/npmtest/node-npmtest-consul/example.js","s":{"1":2,"2":2,"3":2,"4":2,"5":2,"6":2,"7":2,"8":1,"9":2,"10":2,"11":2,"12":2,"13":1,"14":2,"15":2,"16":2,"17":2,"18":2,"19":0,"20":2,"21":1,"22":1,"23":1,"24":1,"25":1,"26":0,"27":0,"28":1,"29":1,"30":2,"31":0,"32":0,"33":0,"34":1,"35":2,"36":2,"37":3,"38":3,"39":3,"40":3,"41":0,"42":3,"43":3,"44":3,"45":1,"46":3,"47":1,"48":1,"49":1,"50":1,"51":1,"52":1,"53":1,"54":1,"55":1,"56":1,"57":0,"58":1,"59":6,"60":6,"61":1,"62":2,"63":0,"64":2,"65":1,"66":1,"67":0,"68":0,"69":0,"70":0,"71":0,"72":0,"73":0,"74":0,"75":0,"76":0,"77":0,"78":0,"79":0,"80":0,"81":0,"82":0,"83":0},"b":{"1":[2,1,1,1],"2":[1,1,1,1],"3":[1,1],"4":[2,2],"5":[1,1],"6":[1,1],"7":[2,0],"8":[2,1,1,1,1,1],"9":[0,2,0],"10":[1,1],"11":[2,1,1],"12":[1,0],"13":[0,2],"14":[2,0,0,0,0,0,0],"15":[0,3],"16":[3,0],"17":[1,1],"18":[0,1],"19":[1,2,0,2],"20":[1,0],"21":[1,1],"22":[0,0],"23":[0,0],"24":[0,0],"25":[0,0],"26":[0,0],"27":[0,0],"28":[0,0]},"f":{"1":2,"2":2,"3":2,"4":2,"5":2,"6":2,"7":3,"8":3,"9":3,"10":1,"11":6,"12":0},"fnMap":{"1":{"name":"(anonymous_1)","line":26,"loc":{"start":{"line":26,"column":1},"end":{"line":26,"column":13}}},"2":{"name":"(anonymous_2)","line":33,"loc":{"start":{"line":33,"column":5},"end":{"line":33,"column":17}}},"3":{"name":"(anonymous_3)","line":37,"loc":{"start":{"line":37,"column":24},"end":{"line":37,"column":36}}},"4":{"name":"(anonymous_4)","line":69,"loc":{"start":{"line":69,"column":31},"end":{"line":69,"column":48}},"skip":true},"5":{"name":"(anonymous_5)","line":78,"loc":{"start":{"line":78,"column":26},"end":{"line":78,"column":45}},"skip":true},"6":{"name":"(anonymous_6)","line":123,"loc":{"start":{"line":123,"column":33},"end":{"line":123,"column":48}},"skip":true},"7":{"name":"(anonymous_7)","line":125,"loc":{"start":{"line":125,"column":27},"end":{"line":125,"column":39}},"skip":true},"8":{"name":"(anonymous_8)","line":133,"loc":{"start":{"line":133,"column":59},"end":{"line":133,"column":74}},"skip":true},"9":{"name":"(anonymous_9)","line":143,"loc":{"start":{"line":143,"column":45},"end":{"line":143,"column":62}},"skip":true},"10":{"name":"(anonymous_10)","line":144,"loc":{"start":{"line":144,"column":73},"end":{"line":144,"column":92}},"skip":true},"11":{"name":"(anonymous_11)","line":272,"loc":{"start":{"line":272,"column":51},"end":{"line":272,"column":77}},"skip":true},"12":{"name":"(anonymous_12)","line":315,"loc":{"start":{"line":315,"column":32},"end":{"line":315,"column":61}},"skip":true}},"statementMap":{"1":{"start":{"line":26,"column":0},"end":{"line":326,"column":5}},"2":{"start":{"line":28,"column":4},"end":{"line":28,"column":14}},"3":{"start":{"line":33,"column":4},"end":{"line":60,"column":9}},"4":{"start":{"line":35,"column":8},"end":{"line":35,"column":19}},"5":{"start":{"line":37,"column":8},"end":{"line":49,"column":13}},"6":{"start":{"line":38,"column":12},"end":{"line":48,"column":13}},"7":{"start":{"line":39,"column":16},"end":{"line":42,"column":30}},"8":{"start":{"line":44,"column":16},"end":{"line":47,"column":27}},"9":{"start":{"line":51,"column":8},"end":{"line":53,"column":21}},"10":{"start":{"line":55,"column":8},"end":{"line":57,"column":45}},"11":{"start":{"line":59,"column":8},"end":{"line":59,"column":35}},"12":{"start":{"line":61,"column":4},"end":{"line":325,"column":5}},"13":{"start":{"line":69,"column":8},"end":{"line":121,"column":10},"skip":true},"14":{"start":{"line":70,"column":12},"end":{"line":88,"column":13},"skip":true},"15":{"start":{"line":76,"column":16},"end":{"line":87,"column":19},"skip":true},"16":{"start":{"line":79,"column":20},"end":{"line":86,"column":21},"skip":true},"17":{"start":{"line":82,"column":24},"end":{"line":82,"column":43},"skip":true},"18":{"start":{"line":83,"column":24},"end":{"line":83,"column":30},"skip":true},"19":{"start":{"line":85,"column":24},"end":{"line":85,"column":49},"skip":true},"20":{"start":{"line":89,"column":12},"end":{"line":107,"column":13},"skip":true},"21":{"start":{"line":92,"column":16},"end":{"line":102,"column":17},"skip":true},"22":{"start":{"line":93,"column":20},"end":{"line":93,"column":86},"skip":true},"23":{"start":{"line":94,"column":20},"end":{"line":95,"column":45},"skip":true},"24":{"start":{"line":96,"column":20},"end":{"line":96,"column":42},"skip":true},"25":{"start":{"line":97,"column":20},"end":{"line":97,"column":48},"skip":true},"26":{"start":{"line":100,"column":20},"end":{"line":100,"column":85},"skip":true},"27":{"start":{"line":101,"column":20},"end":{"line":101,"column":96},"skip":true},"28":{"start":{"line":103,"column":16},"end":{"line":103,"column":22},"skip":true},"29":{"start":{"line":106,"column":16},"end":{"line":106,"column":22},"skip":true},"30":{"start":{"line":108,"column":12},"end":{"line":120,"column":13},"skip":true},"31":{"start":{"line":114,"column":16},"end":{"line":119,"column":17},"skip":true},"32":{"start":{"line":116,"column":20},"end":{"line":116,"column":78},"skip":true},"33":{"start":{"line":118,"column":20},"end":{"line":118,"column":47},"skip":true},"34":{"start":{"line":123,"column":8},"end":{"line":141,"column":11},"skip":true},"35":{"start":{"line":124,"column":12},"end":{"line":124,"column":54},"skip":true},"36":{"start":{"line":125,"column":12},"end":{"line":140,"column":14},"skip":true},"37":{"start":{"line":126,"column":16},"end":{"line":126,"column":28},"skip":true},"38":{"start":{"line":127,"column":16},"end":{"line":127,"column":69},"skip":true},"39":{"start":{"line":128,"column":16},"end":{"line":128,"column":75},"skip":true},"40":{"start":{"line":129,"column":16},"end":{"line":131,"column":17},"skip":true},"41":{"start":{"line":130,"column":20},"end":{"line":130,"column":27},"skip":true},"42":{"start":{"line":133,"column":16},"end":{"line":137,"column":36},"skip":true},"43":{"start":{"line":134,"column":20},"end":{"line":136,"column":55},"skip":true},"44":{"start":{"line":139,"column":16},"end":{"line":139,"column":57},"skip":true},"45":{"start":{"line":143,"column":8},"end":{"line":147,"column":11},"skip":true},"46":{"start":{"line":144,"column":12},"end":{"line":146,"column":15},"skip":true},"47":{"start":{"line":145,"column":16},"end":{"line":145,"column":70},"skip":true},"48":{"start":{"line":149,"column":8},"end":{"line":149,"column":31},"skip":true},"49":{"start":{"line":150,"column":8},"end":{"line":150,"column":14},"skip":true},"50":{"start":{"line":158,"column":8},"end":{"line":158,"column":31},"skip":true},"51":{"start":{"line":160,"column":8},"end":{"line":160,"column":33},"skip":true},"52":{"start":{"line":161,"column":8},"end":{"line":161,"column":37},"skip":true},"53":{"start":{"line":162,"column":8},"end":{"line":162,"column":35},"skip":true},"54":{"start":{"line":164,"column":8},"end":{"line":164,"column":50},"skip":true},"55":{"start":{"line":166,"column":8},"end":{"line":256,"column":2},"skip":true},"56":{"start":{"line":258,"column":8},"end":{"line":286,"column":9},"skip":true},"57":{"start":{"line":259,"column":12},"end":{"line":269,"column":14},"skip":true},"58":{"start":{"line":271,"column":12},"end":{"line":285,"column":19},"skip":true},"59":{"start":{"line":274,"column":20},"end":{"line":274,"column":35},"skip":true},"60":{"start":{"line":275,"column":20},"end":{"line":284,"column":21},"skip":true},"61":{"start":{"line":277,"column":24},"end":{"line":277,"column":64},"skip":true},"62":{"start":{"line":279,"column":24},"end":{"line":279,"column":40},"skip":true},"63":{"start":{"line":281,"column":24},"end":{"line":281,"column":40},"skip":true},"64":{"start":{"line":283,"column":24},"end":{"line":283,"column":39},"skip":true},"65":{"start":{"line":288,"column":8},"end":{"line":290,"column":9},"skip":true},"66":{"start":{"line":289,"column":12},"end":{"line":289,"column":18},"skip":true},"67":{"start":{"line":291,"column":8},"end":{"line":293,"column":54},"skip":true},"68":{"start":{"line":296,"column":8},"end":{"line":301,"column":37},"skip":true},"69":{"start":{"line":303,"column":8},"end":{"line":303,"column":82},"skip":true},"70":{"start":{"line":306,"column":8},"end":{"line":308,"column":9},"skip":true},"71":{"start":{"line":307,"column":12},"end":{"line":307,"column":82},"skip":true},"72":{"start":{"line":310,"column":8},"end":{"line":312,"column":9},"skip":true},"73":{"start":{"line":311,"column":12},"end":{"line":311,"column":18},"skip":true},"74":{"start":{"line":313,"column":8},"end":{"line":313,"column":54},"skip":true},"75":{"start":{"line":314,"column":8},"end":{"line":314,"column":69},"skip":true},"76":{"start":{"line":315,"column":8},"end":{"line":323,"column":36},"skip":true},"77":{"start":{"line":316,"column":12},"end":{"line":316,"column":61},"skip":true},"78":{"start":{"line":317,"column":12},"end":{"line":320,"column":13},"skip":true},"79":{"start":{"line":318,"column":16},"end":{"line":318,"column":75},"skip":true},"80":{"start":{"line":319,"column":16},"end":{"line":319,"column":23},"skip":true},"81":{"start":{"line":321,"column":12},"end":{"line":321,"column":38},"skip":true},"82":{"start":{"line":322,"column":12},"end":{"line":322,"column":27},"skip":true},"83":{"start":{"line":324,"column":8},"end":{"line":324,"column":14},"skip":true}},"branchMap":{"1":{"line":39,"type":"binary-expr","locations":[{"start":{"line":39,"column":23},"end":{"line":39,"column":62}},{"start":{"line":40,"column":20},"end":{"line":40,"column":70}},{"start":{"line":41,"column":20},"end":{"line":41,"column":71}},{"start":{"line":42,"column":20},"end":{"line":42,"column":29}}]},"2":{"line":44,"type":"binary-expr","locations":[{"start":{"line":44,"column":23},"end":{"line":44,"column":37}},{"start":{"line":45,"column":20},"end":{"line":45,"column":61}},{"start":{"line":46,"column":20},"end":{"line":46,"column":70}},{"start":{"line":47,"column":20},"end":{"line":47,"column":26}}]},"3":{"line":51,"type":"cond-expr","locations":[{"start":{"line":52,"column":14},"end":{"line":52,"column":20}},{"start":{"line":53,"column":14},"end":{"line":53,"column":20}}]},"4":{"line":55,"type":"binary-expr","locations":[{"start":{"line":55,"column":16},"end":{"line":55,"column":44}},{"start":{"line":55,"column":49},"end":{"line":57,"column":43}}]},"5":{"line":55,"type":"cond-expr","locations":[{"start":{"line":56,"column":14},"end":{"line":56,"column":50}},{"start":{"line":57,"column":14},"end":{"line":57,"column":43}}]},"6":{"line":61,"type":"switch","locations":[{"start":{"line":68,"column":4},"end":{"line":150,"column":14},"skip":true},{"start":{"line":156,"column":4},"end":{"line":324,"column":14},"skip":true}]},"7":{"line":70,"type":"if","locations":[{"start":{"line":70,"column":12},"end":{"line":70,"column":12},"skip":true},{"start":{"line":70,"column":12},"end":{"line":70,"column":12},"skip":true}]},"8":{"line":70,"type":"binary-expr","locations":[{"start":{"line":70,"column":16},"end":{"line":70,"column":22},"skip":true},{"start":{"line":70,"column":27},"end":{"line":70,"column":32},"skip":true},{"start":{"line":71,"column":20},"end":{"line":71,"column":39},"skip":true},{"start":{"line":72,"column":20},"end":{"line":72,"column":49},"skip":true},{"start":{"line":73,"column":20},"end":{"line":73,"column":58},"skip":true},{"start":{"line":74,"column":20},"end":{"line":74,"column":69},"skip":true}]},"9":{"line":79,"type":"switch","locations":[{"start":{"line":80,"column":20},"end":{"line":80,"column":33},"skip":true},{"start":{"line":81,"column":20},"end":{"line":83,"column":30},"skip":true},{"start":{"line":84,"column":20},"end":{"line":85,"column":49},"skip":true}]},"10":{"line":89,"type":"switch","locations":[{"start":{"line":90,"column":12},"end":{"line":103,"column":22},"skip":true},{"start":{"line":105,"column":12},"end":{"line":106,"column":22},"skip":true}]},"11":{"line":89,"type":"binary-expr","locations":[{"start":{"line":89,"column":20},"end":{"line":89,"column":25},"skip":true},{"start":{"line":89,"column":29},"end":{"line":89,"column":48},"skip":true},{"start":{"line":89,"column":52},"end":{"line":89,"column":74},"skip":true}]},"12":{"line":92,"type":"if","locations":[{"start":{"line":92,"column":16},"end":{"line":92,"column":16},"skip":true},{"start":{"line":92,"column":16},"end":{"line":92,"column":16},"skip":true}]},"13":{"line":108,"type":"if","locations":[{"start":{"line":108,"column":12},"end":{"line":108,"column":12},"skip":true},{"start":{"line":108,"column":12},"end":{"line":108,"column":12},"skip":true}]},"14":{"line":108,"type":"binary-expr","locations":[{"start":{"line":108,"column":16},"end":{"line":108,"column":61},"skip":true},{"start":{"line":108,"column":66},"end":{"line":108,"column":72},"skip":true},{"start":{"line":108,"column":77},"end":{"line":108,"column":82},"skip":true},{"start":{"line":109,"column":20},"end":{"line":109,"column":39},"skip":true},{"start":{"line":110,"column":20},"end":{"line":110,"column":49},"skip":true},{"start":{"line":111,"column":20},"end":{"line":111,"column":58},"skip":true},{"start":{"line":112,"column":20},"end":{"line":112,"column":68},"skip":true}]},"15":{"line":129,"type":"if","locations":[{"start":{"line":129,"column":16},"end":{"line":129,"column":16},"skip":true},{"start":{"line":129,"column":16},"end":{"line":129,"column":16},"skip":true}]},"16":{"line":134,"type":"cond-expr","locations":[{"start":{"line":135,"column":26},"end":{"line":135,"column":29},"skip":true},{"start":{"line":136,"column":26},"end":{"line":136,"column":54},"skip":true}]},"17":{"line":164,"type":"binary-expr","locations":[{"start":{"line":164,"column":27},"end":{"line":164,"column":43},"skip":true},{"start":{"line":164,"column":47},"end":{"line":164,"column":49},"skip":true}]},"18":{"line":258,"type":"if","locations":[{"start":{"line":258,"column":8},"end":{"line":258,"column":8},"skip":true},{"start":{"line":258,"column":8},"end":{"line":258,"column":8},"skip":true}]},"19":{"line":275,"type":"switch","locations":[{"start":{"line":276,"column":20},"end":{"line":277,"column":64},"skip":true},{"start":{"line":278,"column":20},"end":{"line":279,"column":40},"skip":true},{"start":{"line":280,"column":20},"end":{"line":281,"column":40},"skip":true},{"start":{"line":282,"column":20},"end":{"line":283,"column":39},"skip":true}]},"20":{"line":288,"type":"if","locations":[{"start":{"line":288,"column":8},"end":{"line":288,"column":8},"skip":true},{"start":{"line":288,"column":8},"end":{"line":288,"column":8},"skip":true}]},"21":{"line":288,"type":"binary-expr","locations":[{"start":{"line":288,"column":12},"end":{"line":288,"column":40},"skip":true},{"start":{"line":288,"column":44},"end":{"line":288,"column":67},"skip":true}]},"22":{"line":292,"type":"binary-expr","locations":[{"start":{"line":292,"column":12},"end":{"line":292,"column":50},"skip":true},{"start":{"line":293,"column":12},"end":{"line":293,"column":53},"skip":true}]},"23":{"line":297,"type":"binary-expr","locations":[{"start":{"line":297,"column":12},"end":{"line":297,"column":64},"skip":true},{"start":{"line":298,"column":12},"end":{"line":301,"column":36},"skip":true}]},"24":{"line":303,"type":"binary-expr","locations":[{"start":{"line":303,"column":43},"end":{"line":303,"column":75},"skip":true},{"start":{"line":303,"column":79},"end":{"line":303,"column":81},"skip":true}]},"25":{"line":306,"type":"if","locations":[{"start":{"line":306,"column":8},"end":{"line":306,"column":8},"skip":true},{"start":{"line":306,"column":8},"end":{"line":306,"column":8},"skip":true}]},"26":{"line":310,"type":"if","locations":[{"start":{"line":310,"column":8},"end":{"line":310,"column":8},"skip":true},{"start":{"line":310,"column":8},"end":{"line":310,"column":8},"skip":true}]},"27":{"line":313,"type":"binary-expr","locations":[{"start":{"line":313,"column":27},"end":{"line":313,"column":43},"skip":true},{"start":{"line":313,"column":47},"end":{"line":313,"column":53},"skip":true}]},"28":{"line":317,"type":"if","locations":[{"start":{"line":317,"column":12},"end":{"line":317,"column":12},"skip":true},{"start":{"line":317,"column":12},"end":{"line":317,"column":12},"skip":true}]}},"code":["/*","example.js","","quickstart example","","instruction","    1. save this script as example.js","    2. run the shell command:","        $ npm install npmtest-consul && PORT=8081 node example.js","    3. play with the browser-demo on http://127.0.0.1:8081","*/","","","","/* istanbul instrument in package npmtest_consul */","/*jslint","    bitwise: true,","    browser: true,","    maxerr: 8,","    maxlen: 96,","    node: true,","    nomen: true,","    regexp: true,","    stupid: true","*/","(function () {","    'use strict';","    var local;","","","","    // run shared js-env code - pre-init","    (function () {","        // init local","        local = {};","        // init modeJs","        local.modeJs = (function () {","            try {","                return typeof navigator.userAgent === 'string' &&","                    typeof document.querySelector('body') === 'object' &&","                    typeof XMLHttpRequest.prototype.open === 'function' &&","                    'browser';","            } catch (errorCaughtBrowser) {","                return module.exports &&","                    typeof process.versions.node === 'string' &&","                    typeof require('http').createServer === 'function' &&","                    'node';","            }","        }());","        // init global","        local.global = local.modeJs === 'browser'","            ? window","            : global;","        // init utility2_rollup","        local = local.global.utility2_rollup || (local.modeJs === 'browser'","            ? local.global.utility2_npmtest_consul","            : global.utility2_moduleExports);","        // export local","        local.global.local = local;","    }());","    switch (local.modeJs) {","","","","    // post-init","    // run browser js-env code - post-init","    /* istanbul ignore next */","    case 'browser':","        local.testRunBrowser = function (event) {","            if (!event || (event &&","                    event.currentTarget &&","                    event.currentTarget.className &&","                    event.currentTarget.className.includes &&","                    event.currentTarget.className.includes('onreset'))) {","                // reset output","                Array.from(","                    document.querySelectorAll('body > .resettable')","                ).forEach(function (element) {","                    switch (element.tagName) {","                    case 'INPUT':","                    case 'TEXTAREA':","                        element.value = '';","                        break;","                    default:","                        element.textContent = '';","                    }","                });","            }","            switch (event && event.currentTarget && event.currentTarget.id) {","            case 'testRunButton1':","                // show tests","                if (document.querySelector('#testReportDiv1').style.display === 'none') {","                    document.querySelector('#testReportDiv1').style.display = 'block';","                    document.querySelector('#testRunButton1').textContent =","                        'hide internal test';","                    local.modeTest = true;","                    local.testRunDefault(local);","                // hide tests","                } else {","                    document.querySelector('#testReportDiv1').style.display = 'none';","                    document.querySelector('#testRunButton1').textContent = 'run internal test';","                }","                break;","            // custom-case","            default:","                break;","            }","            if (document.querySelector('#inputTextareaEval1') && (!event || (event &&","                    event.currentTarget &&","                    event.currentTarget.className &&","                    event.currentTarget.className.includes &&","                    event.currentTarget.className.includes('oneval')))) {","                // try to eval input-code","                try {","                    /*jslint evil: true*/","                    eval(document.querySelector('#inputTextareaEval1').value);","                } catch (errorCaught) {","                    console.error(errorCaught);","                }","            }","        };","        // log stderr and stdout to #outputTextareaStdout1","        ['error', 'log'].forEach(function (key) {","            console[key + '_original'] = console[key];","            console[key] = function () {","                var element;","                console[key + '_original'].apply(console, arguments);","                element = document.querySelector('#outputTextareaStdout1');","                if (!element) {","                    return;","                }","                // append text to #outputTextareaStdout1","                element.value += Array.from(arguments).map(function (arg) {","                    return typeof arg === 'string'","                        ? arg","                        : JSON.stringify(arg, null, 4);","                }).join(' ') + '\\n';","                // scroll textarea to bottom","                element.scrollTop = element.scrollHeight;","            };","        });","        // init event-handling","        ['change', 'click', 'keyup'].forEach(function (event) {","            Array.from(document.querySelectorAll('.on' + event)).forEach(function (element) {","                element.addEventListener(event, local.testRunBrowser);","            });","        });","        // run tests","        local.testRunBrowser();","        break;","","","","    // run node js-env code - post-init","    /* istanbul ignore next */","    case 'node':","        // export local","        module.exports = local;","        // require modules","        local.fs = require('fs');","        local.http = require('http');","        local.url = require('url');","        // init assets","        local.assetsDict = local.assetsDict || {};","        /* jslint-ignore-begin */","        local.assetsDict['/assets.index.template.html'] = '\\","<!doctype html>\\n\\","<html lang=\"en\">\\n\\","<head>\\n\\","<meta charset=\"UTF-8\">\\n\\","<meta name=\"viewport\" content=\"width=device-width, initial-scale=1\">\\n\\","<title>{{env.npm_package_name}} (v{{env.npm_package_version}})</title>\\n\\","<style>\\n\\","/*csslint\\n\\","    box-sizing: false,\\n\\","    universal-selector: false\\n\\","*/\\n\\","* {\\n\\","    box-sizing: border-box;\\n\\","}\\n\\","body {\\n\\","    background: #dde;\\n\\","    font-family: Arial, Helvetica, sans-serif;\\n\\","    margin: 2rem;\\n\\","}\\n\\","body > * {\\n\\","    margin-bottom: 1rem;\\n\\","}\\n\\",".utility2FooterDiv {\\n\\","    margin-top: 20px;\\n\\","    text-align: center;\\n\\","}\\n\\","</style>\\n\\","<style>\\n\\","/*csslint\\n\\","*/\\n\\","textarea {\\n\\","    font-family: monospace;\\n\\","    height: 10rem;\\n\\","    width: 100%;\\n\\","}\\n\\","textarea[readonly] {\\n\\","    background: #ddd;\\n\\","}\\n\\","</style>\\n\\","</head>\\n\\","<body>\\n\\","<!-- utility2-comment\\n\\","<div id=\"ajaxProgressDiv1\" style=\"background: #d00; height: 2px; left: 0; margin: 0; padding: 0; position: fixed; top: 0; transition: background 0.5s, width 1.5s; width: 25%;\"></div>\\n\\","utility2-comment -->\\n\\","<h1>\\n\\","<!-- utility2-comment\\n\\","    <a\\n\\","        {{#if env.npm_package_homepage}}\\n\\","        href=\"{{env.npm_package_homepage}}\"\\n\\","        {{/if env.npm_package_homepage}}\\n\\","        target=\"_blank\"\\n\\","    >\\n\\","utility2-comment -->\\n\\","        {{env.npm_package_name}} (v{{env.npm_package_version}})\\n\\","<!-- utility2-comment\\n\\","    </a>\\n\\","utility2-comment -->\\n\\","</h1>\\n\\","<h3>{{env.npm_package_description}}</h3>\\n\\","<!-- utility2-comment\\n\\","<h4><a download href=\"assets.app.js\">download standalone app</a></h4>\\n\\","<button class=\"onclick onreset\" id=\"testRunButton1\">run internal test</button><br>\\n\\","<div id=\"testReportDiv1\" style=\"display: none;\"></div>\\n\\","utility2-comment -->\\n\\","\\n\\","\\n\\","\\n\\","<label>stderr and stdout</label>\\n\\","<textarea class=\"resettable\" id=\"outputTextareaStdout1\" readonly></textarea>\\n\\","<!-- utility2-comment\\n\\","{{#if isRollup}}\\n\\","<script src=\"assets.app.js\"></script>\\n\\","{{#unless isRollup}}\\n\\","utility2-comment -->\\n\\","<script src=\"assets.utility2.rollup.js\"></script>\\n\\","<script src=\"jsonp.utility2._stateInit?callback=window.utility2._stateInit\"></script>\\n\\","<script src=\"assets.npmtest_consul.rollup.js\"></script>\\n\\","<script src=\"assets.example.js\"></script>\\n\\","<script src=\"assets.test.js\"></script>\\n\\","<!-- utility2-comment\\n\\","{{/if isRollup}}\\n\\","utility2-comment -->\\n\\","<div class=\"utility2FooterDiv\">\\n\\","    [ this app was created with\\n\\","    <a href=\"https://github.com/kaizhu256/node-utility2\" target=\"_blank\">utility2</a>\\n\\","    ]\\n\\","</div>\\n\\","</body>\\n\\","</html>\\n\\","';","        /* jslint-ignore-end */","        if (local.templateRender) {","            local.assetsDict['/'] = local.templateRender(","                local.assetsDict['/assets.index.template.html'],","                {","                    env: local.objectSetDefault(local.env, {","                        npm_package_description: 'the greatest app in the world!',","                        npm_package_name: 'my-app',","                        npm_package_nameAlias: 'my_app',","                        npm_package_version: '0.0.1'","                    })","                }","            );","        } else {","            local.assetsDict['/'] = local.assetsDict['/assets.index.template.html']","                .replace((/\\{\\{env\\.(\\w+?)\\}\\}/g), function (match0, match1) {","                    // jslint-hack","                    String(match0);","                    switch (match1) {","                    case 'npm_package_description':","                        return 'the greatest app in the world!';","                    case 'npm_package_name':","                        return 'my-app';","                    case 'npm_package_nameAlias':","                        return 'my_app';","                    case 'npm_package_version':","                        return '0.0.1';","                    }","                });","        }","        // run the cli","        if (local.global.utility2_rollup || module !== require.main) {","            break;","        }","        local.assetsDict['/assets.example.js'] =","            local.assetsDict['/assets.example.js'] ||","            local.fs.readFileSync(__filename, 'utf8');","        // bug-workaround - long $npm_package_buildCustomOrg","        /* jslint-ignore-begin */","        local.assetsDict['/assets.npmtest_consul.rollup.js'] =","            local.assetsDict['/assets.npmtest_consul.rollup.js'] ||","            local.fs.readFileSync(","                local.npmtest_consul.__dirname + '/lib.npmtest_consul.js',","                'utf8'","            ).replace((/^#!/), '//');","        /* jslint-ignore-end */","        local.assetsDict['/favicon.ico'] = local.assetsDict['/favicon.ico'] || '';","        // if $npm_config_timeout_exit exists,","        // then exit this process after $npm_config_timeout_exit ms","        if (Number(process.env.npm_config_timeout_exit)) {","            setTimeout(process.exit, Number(process.env.npm_config_timeout_exit));","        }","        // start server","        if (local.global.utility2_serverHttp1) {","            break;","        }","        process.env.PORT = process.env.PORT || '8081';","        console.error('server starting on port ' + process.env.PORT);","        local.http.createServer(function (request, response) {","            request.urlParsed = local.url.parse(request.url);","            if (local.assetsDict[request.urlParsed.pathname] !== undefined) {","                response.end(local.assetsDict[request.urlParsed.pathname]);","                return;","            }","            response.statusCode = 404;","            response.end();","        }).listen(process.env.PORT);","        break;","    }","}());",""],"l":{"26":2,"28":2,"33":2,"35":2,"37":2,"38":2,"39":2,"44":1,"51":2,"55":2,"59":2,"61":2,"69":1,"70":2,"76":2,"79":2,"82":2,"83":2,"85":1,"89":2,"92":1,"93":1,"94":1,"96":1,"97":1,"100":1,"101":1,"103":1,"106":1,"108":2,"114":1,"116":1,"118":1,"123":1,"124":2,"125":2,"126":3,"127":3,"128":3,"129":3,"130":1,"133":3,"134":3,"139":3,"143":1,"144":3,"145":1,"149":1,"150":1,"158":1,"160":1,"161":1,"162":1,"164":1,"166":1,"258":1,"259":1,"271":1,"274":6,"275":6,"277":1,"279":2,"281":1,"283":2,"288":1,"289":1,"291":1,"296":1,"303":1,"306":1,"307":1,"310":1,"311":1,"313":1,"314":1,"315":1,"316":1,"317":1,"318":1,"319":1,"321":1,"322":1,"324":1}},"/home/travis/build/npmtest/node-npmtest-consul/node_modules/consul/lib/index.js":{"path":"/home/travis/build/npmtest/node-npmtest-consul/node_modules/consul/lib/index.js","s":{"1":1,"2":1},"b":{},"f":{},"fnMap":{},"statementMap":{"1":{"start":{"line":11,"column":0},"end":{"line":11,"column":40}},"2":{"start":{"line":17,"column":0},"end":{"line":17,"column":24}}},"branchMap":{},"code":["/**"," * Module index"," */","","'use strict';","","/**"," * Module dependencies."," */","","var Consul = require('./consul').Consul;","","/**"," * Module exports."," */","","module.exports = Consul;",""],"l":{"11":1,"17":1}},"/home/travis/build/npmtest/node-npmtest-consul/node_modules/consul/lib/consul.js":{"path":"/home/travis/build/npmtest/node-npmtest-consul/node_modules/consul/lib/consul.js","s":{"1":1,"2":1,"3":1,"4":1,"5":1,"6":1,"7":1,"8":1,"9":1,"10":1,"11":1,"12":1,"13":1,"14":1,"15":1,"16":1,"17":0,"18":0,"19":0,"20":0,"21":0,"22":0,"23":0,"24":0,"25":0,"26":0,"27":0,"28":0,"29":0,"30":0,"31":0,"32":0,"33":0,"34":0,"35":0,"36":0,"37":0,"38":0,"39":0,"40":0,"41":0,"42":0,"43":0,"44":0,"45":0,"46":0,"47":0,"48":0,"49":0,"50":0,"51":0,"52":0,"53":1,"54":1,"55":1,"56":1,"57":1,"58":1,"59":1,"60":1,"61":1,"62":1,"63":1,"64":1,"65":1,"66":1,"67":1,"68":0,"69":1,"70":1,"71":0,"72":1,"73":1,"74":0,"75":1,"76":1,"77":0,"78":1},"b":{"1":[0,0],"2":[0,0],"3":[0,0],"4":[0,0],"5":[0,0],"6":[0,0],"7":[0,0],"8":[0,0],"9":[0,0],"10":[0,0],"11":[0,0]},"f":{"1":0,"2":0,"3":0,"4":0,"5":0,"6":0},"fnMap":{"1":{"name":"Consul","line":32,"loc":{"start":{"line":32,"column":0},"end":{"line":32,"column":22}}},"2":{"name":"(anonymous_2)","line":51,"loc":{"start":{"line":51,"column":38},"end":{"line":51,"column":52}}},"3":{"name":"(anonymous_3)","line":113,"loc":{"start":{"line":113,"column":24},"end":{"line":113,"column":39}}},"4":{"name":"(anonymous_4)","line":123,"loc":{"start":{"line":123,"column":25},"end":{"line":123,"column":40}}},"5":{"name":"(anonymous_5)","line":133,"loc":{"start":{"line":133,"column":38},"end":{"line":133,"column":49}}},"6":{"name":"(anonymous_6)","line":143,"loc":{"start":{"line":143,"column":58},"end":{"line":143,"column":72}}}},"statementMap":{"1":{"start":{"line":11,"column":0},"end":{"line":11,"column":27}},"2":{"start":{"line":12,"column":0},"end":{"line":12,"column":27}},"3":{"start":{"line":14,"column":0},"end":{"line":14,"column":31}},"4":{"start":{"line":15,"column":0},"end":{"line":15,"column":37}},"5":{"start":{"line":16,"column":0},"end":{"line":16,"column":43}},"6":{"start":{"line":17,"column":0},"end":{"line":17,"column":37}},"7":{"start":{"line":18,"column":0},"end":{"line":18,"column":40}},"8":{"start":{"line":19,"column":0},"end":{"line":19,"column":28}},"9":{"start":{"line":20,"column":0},"end":{"line":20,"column":34}},"10":{"start":{"line":21,"column":0},"end":{"line":21,"column":37}},"11":{"start":{"line":22,"column":0},"end":{"line":22,"column":43}},"12":{"start":{"line":23,"column":0},"end":{"line":23,"column":40}},"13":{"start":{"line":24,"column":0},"end":{"line":24,"column":37}},"14":{"start":{"line":25,"column":0},"end":{"line":25,"column":39}},"15":{"start":{"line":26,"column":0},"end":{"line":26,"column":31}},"16":{"start":{"line":32,"column":0},"end":{"line":85,"column":1}},"17":{"start":{"line":33,"column":2},"end":{"line":35,"column":3}},"18":{"start":{"line":34,"column":4},"end":{"line":34,"column":28}},"19":{"start":{"line":37,"column":2},"end":{"line":37,"column":34}},"20":{"start":{"line":39,"column":2},"end":{"line":43,"column":3}},"21":{"start":{"line":40,"column":4},"end":{"line":42,"column":36}},"22":{"start":{"line":44,"column":2},"end":{"line":44,"column":23}},"23":{"start":{"line":45,"column":2},"end":{"line":45,"column":21}},"24":{"start":{"line":47,"column":2},"end":{"line":58,"column":3}},"25":{"start":{"line":48,"column":4},"end":{"line":48,"column":57}},"26":{"start":{"line":49,"column":4},"end":{"line":49,"column":17}},"27":{"start":{"line":51,"column":4},"end":{"line":55,"column":7}},"28":{"start":{"line":52,"column":6},"end":{"line":52,"column":51}},"29":{"start":{"line":52,"column":44},"end":{"line":52,"column":51}},"30":{"start":{"line":53,"column":6},"end":{"line":53,"column":35}},"31":{"start":{"line":53,"column":21},"end":{"line":53,"column":35}},"32":{"start":{"line":54,"column":6},"end":{"line":54,"column":39}},"33":{"start":{"line":57,"column":4},"end":{"line":57,"column":44}},"34":{"start":{"line":57,"column":18},"end":{"line":57,"column":44}},"35":{"start":{"line":59,"column":2},"end":{"line":59,"column":23}},"36":{"start":{"line":61,"column":2},"end":{"line":61,"column":31}},"37":{"start":{"line":63,"column":2},"end":{"line":63,"column":34}},"38":{"start":{"line":64,"column":2},"end":{"line":64,"column":38}},"39":{"start":{"line":65,"column":2},"end":{"line":65,"column":42}},"40":{"start":{"line":66,"column":2},"end":{"line":66,"column":38}},"41":{"start":{"line":67,"column":2},"end":{"line":67,"column":40}},"42":{"start":{"line":68,"column":2},"end":{"line":68,"column":32}},"43":{"start":{"line":69,"column":2},"end":{"line":69,"column":38}},"44":{"start":{"line":70,"column":2},"end":{"line":70,"column":42}},"45":{"start":{"line":71,"column":2},"end":{"line":71,"column":40}},"46":{"start":{"line":73,"column":2},"end":{"line":84,"column":3}},"47":{"start":{"line":74,"column":4},"end":{"line":80,"column":5}},"48":{"start":{"line":75,"column":6},"end":{"line":79,"column":7}},"49":{"start":{"line":76,"column":8},"end":{"line":76,"column":51}},"50":{"start":{"line":78,"column":8},"end":{"line":78,"column":35}},"51":{"start":{"line":82,"column":4},"end":{"line":82,"column":46}},"52":{"start":{"line":83,"column":4},"end":{"line":83,"column":14}},"53":{"start":{"line":87,"column":0},"end":{"line":87,"column":35}},"54":{"start":{"line":89,"column":0},"end":{"line":89,"column":17}},"55":{"start":{"line":90,"column":0},"end":{"line":90,"column":21}},"56":{"start":{"line":91,"column":0},"end":{"line":91,"column":25}},"57":{"start":{"line":92,"column":0},"end":{"line":92,"column":21}},"58":{"start":{"line":93,"column":0},"end":{"line":93,"column":23}},"59":{"start":{"line":94,"column":0},"end":{"line":94,"column":15}},"60":{"start":{"line":95,"column":0},"end":{"line":95,"column":19}},"61":{"start":{"line":96,"column":0},"end":{"line":96,"column":21}},"62":{"start":{"line":97,"column":0},"end":{"line":97,"column":25}},"63":{"start":{"line":98,"column":0},"end":{"line":98,"column":23}},"64":{"start":{"line":99,"column":0},"end":{"line":99,"column":21}},"65":{"start":{"line":105,"column":0},"end":{"line":105,"column":17}},"66":{"start":{"line":111,"column":0},"end":{"line":111,"column":44}},"67":{"start":{"line":113,"column":0},"end":{"line":115,"column":2}},"68":{"start":{"line":114,"column":2},"end":{"line":114,"column":37}},"69":{"start":{"line":121,"column":0},"end":{"line":121,"column":45}},"70":{"start":{"line":123,"column":0},"end":{"line":125,"column":2}},"71":{"start":{"line":124,"column":2},"end":{"line":124,"column":38}},"72":{"start":{"line":131,"column":0},"end":{"line":131,"column":36}},"73":{"start":{"line":133,"column":0},"end":{"line":135,"column":2}},"74":{"start":{"line":134,"column":2},"end":{"line":134,"column":33}},"75":{"start":{"line":141,"column":0},"end":{"line":141,"column":46}},"76":{"start":{"line":143,"column":0},"end":{"line":145,"column":2}},"77":{"start":{"line":144,"column":2},"end":{"line":144,"column":35}},"78":{"start":{"line":151,"column":0},"end":{"line":151,"column":24}}},"branchMap":{"1":{"line":33,"type":"if","locations":[{"start":{"line":33,"column":2},"end":{"line":33,"column":2}},{"start":{"line":33,"column":2},"end":{"line":33,"column":2}}]},"2":{"line":39,"type":"if","locations":[{"start":{"line":39,"column":2},"end":{"line":39,"column":2}},{"start":{"line":39,"column":2},"end":{"line":39,"column":2}}]},"3":{"line":40,"type":"cond-expr","locations":[{"start":{"line":40,"column":34},"end":{"line":40,"column":42}},{"start":{"line":40,"column":45},"end":{"line":40,"column":52}}]},"4":{"line":41,"type":"binary-expr","locations":[{"start":{"line":41,"column":7},"end":{"line":41,"column":16}},{"start":{"line":41,"column":20},"end":{"line":41,"column":31}}]},"5":{"line":42,"type":"binary-expr","locations":[{"start":{"line":42,"column":7},"end":{"line":42,"column":16}},{"start":{"line":42,"column":20},"end":{"line":42,"column":26}}]},"6":{"line":47,"type":"if","locations":[{"start":{"line":47,"column":2},"end":{"line":47,"column":2}},{"start":{"line":47,"column":2},"end":{"line":47,"column":2}}]},"7":{"line":52,"type":"if","locations":[{"start":{"line":52,"column":6},"end":{"line":52,"column":6}},{"start":{"line":52,"column":6},"end":{"line":52,"column":6}}]},"8":{"line":53,"type":"if","locations":[{"start":{"line":53,"column":6},"end":{"line":53,"column":6}},{"start":{"line":53,"column":6},"end":{"line":53,"column":6}}]},"9":{"line":57,"type":"if","locations":[{"start":{"line":57,"column":4},"end":{"line":57,"column":4}},{"start":{"line":57,"column":4},"end":{"line":57,"column":4}}]},"10":{"line":74,"type":"if","locations":[{"start":{"line":74,"column":4},"end":{"line":74,"column":4}},{"start":{"line":74,"column":4},"end":{"line":74,"column":4}}]},"11":{"line":75,"type":"if","locations":[{"start":{"line":75,"column":6},"end":{"line":75,"column":6}},{"start":{"line":75,"column":6},"end":{"line":75,"column":6}}]}},"code":["/**"," * Consul client"," */","","'use strict';","","/**"," * Module dependencies."," */","","var papi = require('papi');","var util = require('util');","","var Acl = require('./acl').Acl;","var Agent = require('./agent').Agent;","var Catalog = require('./catalog').Catalog;","var Event = require('./event').Event;","var Health = require('./health').Health;","var Kv = require('./kv').Kv;","var Lock = require('./lock').Lock;","var Query = require('./query').Query;","var Session = require('./session').Session;","var Status = require('./status').Status;","var Watch = require('./watch').Watch;","var constants = require('./constants');","var utils = require('./utils');","","/**"," * Initialize a new `Consul` client."," */","","function Consul(opts) {","  if (!(this instanceof Consul)) {","    return new Consul(opts);","  }","","  opts = utils.defaults({}, opts);","","  if (!opts.baseUrl) {","    opts.baseUrl = (opts.secure ? 'https:' : 'http:') + '//' +","      (opts.host || '127.0.0.1') + ':' +","      (opts.port || '8500') + '/v1';","  }","  opts.name = 'consul';","  opts.type = 'json';","","  if (opts.defaults) {","    var rawDefaults = utils.normalizeKeys(opts.defaults);","    var defaults;","","    constants.DEFAULT_OPTIONS.forEach(function(key) {","      if (!rawDefaults.hasOwnProperty(key)) return;","      if (!defaults) defaults = {};","      defaults[key] = rawDefaults[key];","    });","","    if (defaults) this._defaults = defaults;","  }","  delete opts.defaults;","","  papi.Client.call(this, opts);","","  this.acl = new Consul.Acl(this);","  this.agent = new Consul.Agent(this);","  this.catalog = new Consul.Catalog(this);","  this.event = new Consul.Event(this);","  this.health = new Consul.Health(this);","  this.kv = new Consul.Kv(this);","  this.query = new Consul.Query(this);","  this.session = new Consul.Session(this);","  this.status = new Consul.Status(this);","","  try {","    if (opts.promisify) {","      if (typeof opts.promisify === 'function') {","        papi.tools.promisify(this, opts.promisify);","      } else {","        papi.tools.promisify(this);","      }","    }","  } catch (err) {","    err.message = 'promisify: ' + err.message;","    throw err;","  }","}","","util.inherits(Consul, papi.Client);","","Consul.Acl = Acl;","Consul.Agent = Agent;","Consul.Catalog = Catalog;","Consul.Event = Event;","Consul.Health = Health;","Consul.Kv = Kv;","Consul.Lock = Lock;","Consul.Query = Query;","Consul.Session = Session;","Consul.Status = Status;","Consul.Watch = Watch;","","/**"," * Object meta"," */","","Consul.meta = {};","","/**"," * Lock helper."," */","","Consul.meta.lock = { type: 'eventemitter' };","","Consul.prototype.lock = function(opts) {","  return new Consul.Lock(this, opts);","};","","/**"," * Watch helper."," */","","Consul.meta.watch = { type: 'eventemitter' };","","Consul.prototype.watch = function(opts) {","  return new Consul.Watch(this, opts);","};","","/**"," * Walk methods"," */","","Consul.meta.walk = { type: 'sync' };","","Consul.walk = Consul.prototype.walk = function() {","  return papi.tools.walk(Consul);","};","","/**"," * Parse query meta"," */","","Consul.meta.parseQueryMeta = { type: 'sync' };","","Consul.parseQueryMeta = Consul.prototype.parseQueryMeta = function(res) {","  return utils.parseQueryMeta(res);","};","","/**"," * Module exports."," */","","exports.Consul = Consul;",""],"l":{"11":1,"12":1,"14":1,"15":1,"16":1,"17":1,"18":1,"19":1,"20":1,"21":1,"22":1,"23":1,"24":1,"25":1,"26":1,"32":1,"33":0,"34":0,"37":0,"39":0,"40":0,"44":0,"45":0,"47":0,"48":0,"49":0,"51":0,"52":0,"53":0,"54":0,"57":0,"59":0,"61":0,"63":0,"64":0,"65":0,"66":0,"67":0,"68":0,"69":0,"70":0,"71":0,"73":0,"74":0,"75":0,"76":0,"78":0,"82":0,"83":0,"87":1,"89":1,"90":1,"91":1,"92":1,"93":1,"94":1,"95":1,"96":1,"97":1,"98":1,"99":1,"105":1,"111":1,"113":1,"114":0,"121":1,"123":1,"124":0,"131":1,"133":1,"134":0,"141":1,"143":1,"144":0,"151":1}},"/home/travis/build/npmtest/node-npmtest-consul/node_modules/consul/lib/acl.js":{"path":"/home/travis/build/npmtest/node-npmtest-consul/node_modules/consul/lib/acl.js","s":{"1":1,"2":1,"3":1,"4":0,"5":1,"6":0,"7":0,"8":0,"9":0,"10":0,"11":0,"12":0,"13":0,"14":0,"15":0,"16":0,"17":0,"18":0,"19":0,"20":1,"21":0,"22":0,"23":0,"24":0,"25":0,"26":0,"27":0,"28":0,"29":0,"30":0,"31":0,"32":0,"33":0,"34":0,"35":1,"36":0,"37":0,"38":0,"39":0,"40":0,"41":0,"42":0,"43":0,"44":0,"45":1,"46":0,"47":0,"48":0,"49":0,"50":0,"51":0,"52":0,"53":0,"54":0,"55":1,"56":1,"57":0,"58":0,"59":0,"60":0,"61":0,"62":0,"63":0,"64":0,"65":0,"66":1,"67":0,"68":0,"69":0,"70":0,"71":0,"72":0,"73":0,"74":0,"75":1},"b":{"1":[0,0],"2":[0,0],"3":[0,0],"4":[0,0],"5":[0,0],"6":[0,0],"7":[0,0],"8":[0,0],"9":[0,0],"10":[0,0],"11":[0,0],"12":[0,0],"13":[0,0],"14":[0,0],"15":[0,0]},"f":{"1":0,"2":0,"3":0,"4":0,"5":0,"6":0,"7":0},"fnMap":{"1":{"name":"Acl","line":18,"loc":{"start":{"line":18,"column":0},"end":{"line":18,"column":21}}},"2":{"name":"(anonymous_2)","line":26,"loc":{"start":{"line":26,"column":23},"end":{"line":26,"column":48}}},"3":{"name":"(anonymous_3)","line":56,"loc":{"start":{"line":56,"column":23},"end":{"line":56,"column":48}}},"4":{"name":"(anonymous_4)","line":87,"loc":{"start":{"line":87,"column":24},"end":{"line":87,"column":49}}},"5":{"name":"(anonymous_5)","line":115,"loc":{"start":{"line":115,"column":21},"end":{"line":115,"column":46}}},"6":{"name":"(anonymous_6)","line":145,"loc":{"start":{"line":145,"column":22},"end":{"line":145,"column":47}}},"7":{"name":"(anonymous_7)","line":173,"loc":{"start":{"line":173,"column":21},"end":{"line":173,"column":46}}}},"statementMap":{"1":{"start":{"line":11,"column":0},"end":{"line":11,"column":33}},"2":{"start":{"line":12,"column":0},"end":{"line":12,"column":31}},"3":{"start":{"line":18,"column":0},"end":{"line":20,"column":1}},"4":{"start":{"line":19,"column":2},"end":{"line":19,"column":23}},"5":{"start":{"line":26,"column":0},"end":{"line":50,"column":2}},"6":{"start":{"line":27,"column":2},"end":{"line":30,"column":3}},"7":{"start":{"line":28,"column":4},"end":{"line":28,"column":20}},"8":{"start":{"line":29,"column":4},"end":{"line":29,"column":14}},"9":{"start":{"line":32,"column":2},"end":{"line":32,"column":35}},"10":{"start":{"line":33,"column":2},"end":{"line":33,"column":53}},"11":{"start":{"line":35,"column":2},"end":{"line":41,"column":4}},"12":{"start":{"line":43,"column":2},"end":{"line":43,"column":43}},"13":{"start":{"line":43,"column":17},"end":{"line":43,"column":43}},"14":{"start":{"line":44,"column":2},"end":{"line":44,"column":43}},"15":{"start":{"line":44,"column":17},"end":{"line":44,"column":43}},"16":{"start":{"line":45,"column":2},"end":{"line":45,"column":46}},"17":{"start":{"line":45,"column":18},"end":{"line":45,"column":46}},"18":{"start":{"line":47,"column":2},"end":{"line":47,"column":27}},"19":{"start":{"line":49,"column":2},"end":{"line":49,"column":46}},"20":{"start":{"line":56,"column":0},"end":{"line":81,"column":2}},"21":{"start":{"line":57,"column":2},"end":{"line":57,"column":35}},"22":{"start":{"line":58,"column":2},"end":{"line":58,"column":53}},"23":{"start":{"line":60,"column":2},"end":{"line":66,"column":4}},"24":{"start":{"line":68,"column":2},"end":{"line":70,"column":3}},"25":{"start":{"line":69,"column":4},"end":{"line":69,"column":77}},"26":{"start":{"line":72,"column":2},"end":{"line":72,"column":24}},"27":{"start":{"line":74,"column":2},"end":{"line":74,"column":43}},"28":{"start":{"line":74,"column":17},"end":{"line":74,"column":43}},"29":{"start":{"line":75,"column":2},"end":{"line":75,"column":43}},"30":{"start":{"line":75,"column":17},"end":{"line":75,"column":43}},"31":{"start":{"line":76,"column":2},"end":{"line":76,"column":46}},"32":{"start":{"line":76,"column":18},"end":{"line":76,"column":46}},"33":{"start":{"line":78,"column":2},"end":{"line":78,"column":27}},"34":{"start":{"line":80,"column":2},"end":{"line":80,"column":47}},"35":{"start":{"line":87,"column":0},"end":{"line":109,"column":2}},"36":{"start":{"line":88,"column":2},"end":{"line":90,"column":3}},"37":{"start":{"line":89,"column":4},"end":{"line":89,"column":24}},"38":{"start":{"line":92,"column":2},"end":{"line":92,"column":35}},"39":{"start":{"line":93,"column":2},"end":{"line":93,"column":53}},"40":{"start":{"line":95,"column":2},"end":{"line":100,"column":4}},"41":{"start":{"line":102,"column":2},"end":{"line":104,"column":3}},"42":{"start":{"line":103,"column":4},"end":{"line":103,"column":77}},"43":{"start":{"line":106,"column":2},"end":{"line":106,"column":27}},"44":{"start":{"line":108,"column":2},"end":{"line":108,"column":47}},"45":{"start":{"line":115,"column":0},"end":{"line":137,"column":2}},"46":{"start":{"line":116,"column":2},"end":{"line":118,"column":3}},"47":{"start":{"line":117,"column":4},"end":{"line":117,"column":24}},"48":{"start":{"line":120,"column":2},"end":{"line":120,"column":35}},"49":{"start":{"line":121,"column":2},"end":{"line":121,"column":53}},"50":{"start":{"line":123,"column":2},"end":{"line":128,"column":4}},"51":{"start":{"line":130,"column":2},"end":{"line":132,"column":3}},"52":{"start":{"line":131,"column":4},"end":{"line":131,"column":77}},"53":{"start":{"line":134,"column":2},"end":{"line":134,"column":27}},"54":{"start":{"line":136,"column":2},"end":{"line":136,"column":50}},"55":{"start":{"line":139,"column":0},"end":{"line":139,"column":39}},"56":{"start":{"line":145,"column":0},"end":{"line":167,"column":2}},"57":{"start":{"line":146,"column":2},"end":{"line":148,"column":3}},"58":{"start":{"line":147,"column":4},"end":{"line":147,"column":24}},"59":{"start":{"line":150,"column":2},"end":{"line":150,"column":35}},"60":{"start":{"line":151,"column":2},"end":{"line":151,"column":53}},"61":{"start":{"line":153,"column":2},"end":{"line":158,"column":4}},"62":{"start":{"line":160,"column":2},"end":{"line":162,"column":3}},"63":{"start":{"line":161,"column":4},"end":{"line":161,"column":77}},"64":{"start":{"line":164,"column":2},"end":{"line":164,"column":27}},"65":{"start":{"line":166,"column":2},"end":{"line":166,"column":46}},"66":{"start":{"line":173,"column":0},"end":{"line":191,"column":2}},"67":{"start":{"line":174,"column":2},"end":{"line":177,"column":3}},"68":{"start":{"line":175,"column":4},"end":{"line":175,"column":20}},"69":{"start":{"line":176,"column":4},"end":{"line":176,"column":14}},"70":{"start":{"line":179,"column":2},"end":{"line":179,"column":35}},"71":{"start":{"line":180,"column":2},"end":{"line":180,"column":53}},"72":{"start":{"line":182,"column":2},"end":{"line":186,"column":4}},"73":{"start":{"line":188,"column":2},"end":{"line":188,"column":27}},"74":{"start":{"line":190,"column":2},"end":{"line":190,"column":46}},"75":{"start":{"line":197,"column":0},"end":{"line":197,"column":18}}},"branchMap":{"1":{"line":27,"type":"if","locations":[{"start":{"line":27,"column":2},"end":{"line":27,"column":2}},{"start":{"line":27,"column":2},"end":{"line":27,"column":2}}]},"2":{"line":43,"type":"if","locations":[{"start":{"line":43,"column":2},"end":{"line":43,"column":2}},{"start":{"line":43,"column":2},"end":{"line":43,"column":2}}]},"3":{"line":44,"type":"if","locations":[{"start":{"line":44,"column":2},"end":{"line":44,"column":2}},{"start":{"line":44,"column":2},"end":{"line":44,"column":2}}]},"4":{"line":45,"type":"if","locations":[{"start":{"line":45,"column":2},"end":{"line":45,"column":2}},{"start":{"line":45,"column":2},"end":{"line":45,"column":2}}]},"5":{"line":68,"type":"if","locations":[{"start":{"line":68,"column":2},"end":{"line":68,"column":2}},{"start":{"line":68,"column":2},"end":{"line":68,"column":2}}]},"6":{"line":74,"type":"if","locations":[{"start":{"line":74,"column":2},"end":{"line":74,"column":2}},{"start":{"line":74,"column":2},"end":{"line":74,"column":2}}]},"7":{"line":75,"type":"if","locations":[{"start":{"line":75,"column":2},"end":{"line":75,"column":2}},{"start":{"line":75,"column":2},"end":{"line":75,"column":2}}]},"8":{"line":76,"type":"if","locations":[{"start":{"line":76,"column":2},"end":{"line":76,"column":2}},{"start":{"line":76,"column":2},"end":{"line":76,"column":2}}]},"9":{"line":88,"type":"if","locations":[{"start":{"line":88,"column":2},"end":{"line":88,"column":2}},{"start":{"line":88,"column":2},"end":{"line":88,"column":2}}]},"10":{"line":102,"type":"if","locations":[{"start":{"line":102,"column":2},"end":{"line":102,"column":2}},{"start":{"line":102,"column":2},"end":{"line":102,"column":2}}]},"11":{"line":116,"type":"if","locations":[{"start":{"line":116,"column":2},"end":{"line":116,"column":2}},{"start":{"line":116,"column":2},"end":{"line":116,"column":2}}]},"12":{"line":130,"type":"if","locations":[{"start":{"line":130,"column":2},"end":{"line":130,"column":2}},{"start":{"line":130,"column":2},"end":{"line":130,"column":2}}]},"13":{"line":146,"type":"if","locations":[{"start":{"line":146,"column":2},"end":{"line":146,"column":2}},{"start":{"line":146,"column":2},"end":{"line":146,"column":2}}]},"14":{"line":160,"type":"if","locations":[{"start":{"line":160,"column":2},"end":{"line":160,"column":2}},{"start":{"line":160,"column":2},"end":{"line":160,"column":2}}]},"15":{"line":174,"type":"if","locations":[{"start":{"line":174,"column":2},"end":{"line":174,"column":2}},{"start":{"line":174,"column":2},"end":{"line":174,"column":2}}]}},"code":["/**"," * ACL manipulation"," */","","'use strict';","","/**"," * Module dependencies."," */","","var errors = require('./errors');","var utils = require('./utils');","","/**"," * Initialize a new `Acl` client."," */","","function Acl(consul) {","  this.consul = consul;","}","","/**"," * Creates a new token with policy"," */","","Acl.prototype.create = function(opts, callback) {","  if (!callback) {","    callback = opts;","    opts = {};","  }","","  opts = utils.normalizeKeys(opts);","  opts = utils.defaults(opts, this.consul._defaults);","","  var req = {","    name: 'acl.create',","    path: '/acl/create',","    query: {},","    type: 'json',","    body: {},","  };","","  if (opts.name) req.body.Name = opts.name;","  if (opts.type) req.body.Type = opts.type;","  if (opts.rules) req.body.Rules = opts.rules;","","  utils.options(req, opts);","","  this.consul._put(req, utils.body, callback);","};","","/**"," * Update the policy of a token"," */","","Acl.prototype.update = function(opts, callback) {","  opts = utils.normalizeKeys(opts);","  opts = utils.defaults(opts, this.consul._defaults);","","  var req = {","    name: 'acl.update',","    path: '/acl/update',","    query: {},","    type: 'json',","    body: {},","  };","","  if (!opts.id) {","    return callback(this.consul._err(errors.Validation('id required'), req));","  }","","  req.body.ID = opts.id;","","  if (opts.name) req.body.Name = opts.name;","  if (opts.type) req.body.Type = opts.type;","  if (opts.rules) req.body.Rules = opts.rules;","","  utils.options(req, opts);","","  this.consul._put(req, utils.empty, callback);","};","","/**"," * Destroys a given token"," */","","Acl.prototype.destroy = function(opts, callback) {","  if (typeof opts === 'string') {","    opts = { id: opts };","  }","","  opts = utils.normalizeKeys(opts);","  opts = utils.defaults(opts, this.consul._defaults);","","  var req = {","    name: 'acl.destroy',","    path: '/acl/destroy/{id}',","    params: { id: opts.id },","    query: {},","  };","","  if (!opts.id) {","    return callback(this.consul._err(errors.Validation('id required'), req));","  }","","  utils.options(req, opts);","","  this.consul._put(req, utils.empty, callback);","};","","/**"," * Queries the policy of a given token"," */","","Acl.prototype.info = function(opts, callback) {","  if (typeof opts === 'string') {","    opts = { id: opts };","  }","","  opts = utils.normalizeKeys(opts);","  opts = utils.defaults(opts, this.consul._defaults);","","  var req = {","    name: 'acl.info',","    path: '/acl/info/{id}',","    params: { id: opts.id },","    query: {},","  };","","  if (!opts.id) {","    return callback(this.consul._err(errors.Validation('id required'), req));","  }","","  utils.options(req, opts);","","  this.consul._get(req, utils.bodyItem, callback);","};","","Acl.prototype.get = Acl.prototype.info;","","/**"," * Creates a new token by cloning an existing token"," */","","Acl.prototype.clone = function(opts, callback) {","  if (typeof opts === 'string') {","    opts = { id: opts };","  }","","  opts = utils.normalizeKeys(opts);","  opts = utils.defaults(opts, this.consul._defaults);","","  var req = {","    name: 'acl.clone',","    path: '/acl/clone/{id}',","    params: { id: opts.id },","    query: {},","  };","","  if (!opts.id) {","    return callback(this.consul._err(errors.Validation('id required'), req));","  }","","  utils.options(req, opts);","","  this.consul._put(req, utils.body, callback);","};","","/**"," * Lists all the active tokens"," */","","Acl.prototype.list = function(opts, callback) {","  if (!callback) {","    callback = opts;","    opts = {};","  }","","  opts = utils.normalizeKeys(opts);","  opts = utils.defaults(opts, this.consul._defaults);","","  var req = {","    name: 'acl.list',","    path: '/acl/list',","    query: {},","  };","","  utils.options(req, opts);","","  this.consul._get(req, utils.body, callback);","};","","/**"," * Module exports."," */","","exports.Acl = Acl;",""],"l":{"11":1,"12":1,"18":1,"19":0,"26":1,"27":0,"28":0,"29":0,"32":0,"33":0,"35":0,"43":0,"44":0,"45":0,"47":0,"49":0,"56":1,"57":0,"58":0,"60":0,"68":0,"69":0,"72":0,"74":0,"75":0,"76":0,"78":0,"80":0,"87":1,"88":0,"89":0,"92":0,"93":0,"95":0,"102":0,"103":0,"106":0,"108":0,"115":1,"116":0,"117":0,"120":0,"121":0,"123":0,"130":0,"131":0,"134":0,"136":0,"139":1,"145":1,"146":0,"147":0,"150":0,"151":0,"153":0,"160":0,"161":0,"164":0,"166":0,"173":1,"174":0,"175":0,"176":0,"179":0,"180":0,"182":0,"188":0,"190":0,"197":1}},"/home/travis/build/npmtest/node-npmtest-consul/node_modules/consul/lib/errors.js":{"path":"/home/travis/build/npmtest/node-npmtest-consul/node_modules/consul/lib/errors.js","s":{"1":1,"2":0,"3":0,"4":0,"5":1,"6":0,"7":0,"8":0,"9":1,"10":1},"b":{"1":[0,0],"2":[0,0]},"f":{"1":0,"2":0},"fnMap":{"1":{"name":"create","line":11,"loc":{"start":{"line":11,"column":0},"end":{"line":11,"column":25}}},"2":{"name":"validation","line":25,"loc":{"start":{"line":25,"column":0},"end":{"line":25,"column":29}}}},"statementMap":{"1":{"start":{"line":11,"column":0},"end":{"line":19,"column":1}},"2":{"start":{"line":12,"column":2},"end":{"line":14,"column":45}},"3":{"start":{"line":16,"column":2},"end":{"line":16,"column":24}},"4":{"start":{"line":18,"column":2},"end":{"line":18,"column":15}},"5":{"start":{"line":25,"column":0},"end":{"line":31,"column":1}},"6":{"start":{"line":26,"column":2},"end":{"line":26,"column":30}},"7":{"start":{"line":28,"column":2},"end":{"line":28,"column":28}},"8":{"start":{"line":30,"column":2},"end":{"line":30,"column":15}},"9":{"start":{"line":37,"column":0},"end":{"line":37,"column":24}},"10":{"start":{"line":38,"column":0},"end":{"line":38,"column":32}}},"branchMap":{"1":{"line":12,"type":"cond-expr","locations":[{"start":{"line":13,"column":4},"end":{"line":13,"column":11}},{"start":{"line":14,"column":4},"end":{"line":14,"column":44}}]},"2":{"line":14,"type":"cond-expr","locations":[{"start":{"line":14,"column":24},"end":{"line":14,"column":31}},{"start":{"line":14,"column":34},"end":{"line":14,"column":43}}]}},"code":["/**"," * Errors"," */","","'use strict';","","/**"," * Create"," */","","function create(message) {","  var error = message instanceof Error ?","    message :","    new Error(message ? message : undefined);","","  error.isConsul = true;","","  return error;","}","","/**"," * Validation"," */","","function validation(message) {","  var error = create(message);","","  error.isValidation = true;","","  return error;","}","","/**"," * Module exports."," */","","exports.Consul = create;","exports.Validation = validation;",""],"l":{"11":1,"12":0,"16":0,"18":0,"25":1,"26":0,"28":0,"30":0,"37":1,"38":1}},"/home/travis/build/npmtest/node-npmtest-consul/node_modules/consul/lib/utils.js":{"path":"/home/travis/build/npmtest/node-npmtest-consul/node_modules/consul/lib/utils.js","s":{"1":1,"2":1,"3":0,"4":0,"5":0,"6":1,"7":0,"8":0,"9":0,"10":0,"11":0,"12":1,"13":0,"14":0,"15":0,"16":1,"17":0,"18":0,"19":0,"20":0,"21":0,"22":0,"23":1,"24":0,"25":0,"26":0,"27":0,"28":0,"29":0,"30":0,"31":0,"32":0,"33":1,"34":0,"35":0,"36":0,"37":0,"38":0,"39":0,"40":0,"41":0,"42":0,"43":0,"44":0,"45":0,"46":0,"47":0,"48":0,"49":0,"50":0,"51":0,"52":0,"53":0,"54":0,"55":0,"56":1,"57":0,"58":0,"59":0,"60":0,"61":0,"62":0,"63":1,"64":0,"65":0,"66":0,"
[...]
 session"," */","","Session.prototype.create = function(opts, callback) {","  if (!callback) {","    callback = opts;","    opts = {};","  }","","  opts = utils.normalizeKeys(opts);","  opts = utils.defaults(opts, this.consul._defaults);","","  var req = {","    name: 'session.create',","    path: '/session/create',","    query: {},","    type: 'json',","    body: {},","  };","","  if (opts.lockdelay) req.body.LockDelay = opts.lockdelay;","  if (opts.name) req.body.Name = opts.name;","  if (opts.node) req.body.Node = opts.node;","  if (opts.checks) req.body.Checks = opts.checks;","  if (opts.behavior) req.body.Behavior = opts.behavior;","  if (opts.ttl) req.body.TTL = opts.ttl;","","  utils.options(req, opts);","","  this.consul._put(req, utils.body, callback);","};","","/**"," * Destroys a given session"," */","","Session.prototype.destroy = function(opts, callback) {","  if (typeof opts === 'string') {","    opts = { id: opts };","  }","","  opts = utils.normalizeKeys(opts);","  opts = utils.defaults(opts, this.consul._defaults);","","  var req = {","    name: 'session.destroy',","    path: '/session/destroy/{id}',","    params: { id: opts.id },","    query: {},","  };","","  if (!opts.id) {","    return callback(this.consul._err(errors.Validation('id required'), req));","  }","","  utils.options(req, opts);","","  this.consul._put(req, utils.empty, callback);","};","","/**"," * Queries a given session"," */","","Session.prototype.info = function(opts, callback) {","  if (typeof opts === 'string') {","    opts = { id: opts };","  }","","  opts = utils.normalizeKeys(opts);","  opts = utils.defaults(opts, this.consul._defaults);","","  var req = {","    name: 'session.info',","    path: '/session/info/{id}',","    params: { id: opts.id },","    query: {},","  };","","  if (!opts.id) {","    return callback(this.consul._err(errors.Validation('id required'), req));","  }","","  utils.options(req, opts);","","  this.consul._get(req, utils.bodyItem, callback);","};","","Session.prototype.get = Session.prototype.info;","","/**"," * Lists sessions belonging to a node"," */","","Session.prototype.node = function(opts, callback) {","  if (typeof opts === 'string') {","    opts = { node: opts };","  }","","  opts = utils.normalizeKeys(opts);","  opts = utils.defaults(opts, this.consul._defaults);","","  var req = {","    name: 'session.node',","    path: '/session/node/{node}',","    params: { node: opts.node },","  };","","  if (!opts.node) {","    return callback(this.consul._err(errors.Validation('node required'), req));","  }","","  utils.options(req, opts);","","  this.consul._get(req, utils.body, callback);","};","","/**"," * Lists all the active sessions"," */","","Session.prototype.list = function(opts, callback) {","  if (!callback) {","    callback = opts;","    opts = {};","  }","","  opts = utils.normalizeKeys(opts);","  opts = utils.defaults(opts, this.consul._defaults);","","  var req = {","    name: 'session.list',","    path: '/session/list',","  };","","  utils.options(req, opts);","","  this.consul._get(req, utils.body, callback);","};","","/**"," * Renews a TTL-based session"," */","","Session.prototype.renew = function(opts, callback) {","  if (typeof opts === 'string') {","    opts = { id: opts };","  }","","  opts = utils.normalizeKeys(opts);","  opts = utils.defaults(opts, this.consul._defaults);","","  var req = {","    name: 'session.renew',","    path: '/session/renew/{id}',","    params: { id: opts.id },","  };","","  if (!opts.id) {","    return callback(this.consul._err(errors.Validation('id required'), req));","  }","","  utils.options(req, opts);","","  this.consul._put(req, utils.body, callback);","};","","/**"," * Module exports."," */","","exports.Session = Session;",""],"l":{"11":1,"12":1,"18":1,"19":0,"26":1,"27":0,"28":0,"29":0,"32":0,"33":0,"35":0,"43":0,"44":0,"45":0,"46":0,"47":0,"48":0,"50":0,"52":0,"59":1,"60":0,"61":0,"64":0,"65":0,"67":0,"74":0,"75":0,"78":0,"80":0,"87":1,"88":0,"89":0,"92":0,"93":0,"95":0,"102":0,"103":0,"106":0,"108":0,"111":1,"117":1,"118":0,"119":0,"122":0,"123":0,"125":0,"131":0,"132":0,"135":0,"137":0,"144":1,"145":0,"146":0,"147":0,"150":0,"151":0,"153":0,"158":0,"160":0,"167":1,"168":0,"169":0,"172":0,"173":0,"175":0,"181":0,"182":0,"185":0,"187":0,"194":1}},"/home/travis/build/npmtest/node-npmtest-consul/node_modules/consul/lib/status.js":{"path":"/home/travis/build/npmtest/node-npmtest-consul/node_modules/consul/lib/status.js","s":{"1":1,"2":1,"3":0,"4":1,"5":0,"6":0,"7":0,"8":0,"9":0,"10":0,"11":0,"12":0,"13":1,"14":0,"15":0,"16":0,"17":0,"18":0,"19":0,"20":0,"21":0,"22":1},"b":{"1":[0,0],"2":[0,0]},"f":{"1":0,"2":0,"3":0},"fnMap":{"1":{"name":"Status","line":17,"loc":{"start":{"line":17,"column":0},"end":{"line":17,"column":24}}},"2":{"name":"(anonymous_2)","line":25,"loc":{"start":{"line":25,"column":26},"end":{"line":25,"column":51}}},"3":{"name":"(anonymous_3)","line":48,"loc":{"start":{"line":48,"column":25},"end":{"line":48,"column":50}}}},"statementMap":{"1":{"start":{"line":11,"column":0},"end":{"line":11,"column":31}},"2":{"start":{"line":17,"column":0},"end":{"line":19,"column":1}},"3":{"start":{"line":18,"column":2},"end":{"line":18,"column":23}},"4":{"start":{"line":25,"column":0},"end":{"line":42,"column":2}},"5":{"start":{"line":26,"column":2},"end":{"line":29,"column":3}},"6":{"start":{"line":27,"column":4},"end":{"line":27,"column":20}},"7":{"start":{"line":28,"column":4},"end":{"line":28,"column":14}},"8":{"start":{"line":31,"column":2},"end":{"line":31,"column":35}},"9":{"start":{"line":32,"column":2},"end":{"line":32,"column":53}},"10":{"start":{"line":34,"column":2},"end":{"line":37,"column":4}},"11":{"start":{"line":39,"column":2},"end":{"line":39,"column":27}},"12":{"start":{"line":41,"column":2},"end":{"line":41,"column":46}},"13":{"start":{"line":48,"column":0},"end":{"line":65,"column":2}},"14":{"start":{"line":49,"column":2},"end":{"line":52,"column":3}},"15":{"start":{"line":50,"column":4},"end":{"line":50,"column":20}},"16":{"start":{"line":51,"column":4},"end":{"line":51,"column":14}},"17":{"start":{"line":54,"column":2},"end":{"line":54,"column":35}},"18":{"start":{"line":55,"column":2},"end":{"line":55,"column":53}},"19":{"start":{"line":57,"column":2},"end":{"line":60,"column":4}},"20":{"start":{"line":62,"column":2},"end":{"line":62,"column":27}},"21":{"start":{"line":64,"column":2},"end":{"line":64,"column":46}},"22":{"start":{"line":71,"column":0},"end":{"line":71,"column":24}}},"branchMap":{"1":{"line":26,"type":"if","locations":[{"start":{"line":26,"column":2},"end":{"line":26,"column":2}},{"start":{"line":26,"column":2},"end":{"line":26,"column":2}}]},"2":{"line":49,"type":"if","locations":[{"start":{"line":49,"column":2},"end":{"line":49,"column":2}},{"start":{"line":49,"column":2},"end":{"line":49,"column":2}}]}},"code":["/**"," * Status information"," */","","'use strict';","","/**"," * Module dependencies."," */","","var utils = require('./utils');","","/**"," * Initialize a new `Status` client."," */","","function Status(consul) {","  this.consul = consul;","}","","/**"," * Returns the current Raft leader."," */","","Status.prototype.leader = function(opts, callback) {","  if (!callback) {","    callback = opts;","    opts = {};","  }","","  opts = utils.normalizeKeys(opts);","  opts = utils.defaults(opts, this.consul._defaults);","","  var req = {","    name: 'status.leader',","    path: '/status/leader',","  };","","  utils.options(req, opts);","","  this.consul._get(req, utils.body, callback);","};","","/**"," * Returns the current Raft peer set"," */","","Status.prototype.peers = function(opts, callback) {","  if (!callback) {","    callback = opts;","    opts = {};","  }","","  opts = utils.normalizeKeys(opts);","  opts = utils.defaults(opts, this.consul._defaults);","","  var req = {","    name: 'status.peers',","    path: '/status/peers',","  };","","  utils.options(req, opts);","","  this.consul._get(req, utils.body, callback);","};","","/**"," * Module exports."," */","","exports.Status = Status;",""],"l":{"11":1,"17":1,"18":0,"25":1,"26":0,"27":0,"28":0,"31":0,"32":0,"34":0,"39":0,"41":0,"48":1,"49":0,"50":0,"51":0,"54":0,"55":0,"57":0,"62":0,"64":0,"71":1}},"/home/travis/build/npmtest/node-npmtest-consul/node_modules/consul/lib/watch.js":{"path":"/home/travis/build/npmtest/node-npmtest-consul/node_modules/consul/lib/watch.js","s":{"1":1,"2":1,"3":1,"4":1,"5":1,"6":0,"7":0,"8":0,"9":0,"10":0,"11":0,"12":0,"13":0,"14":0,"15":0,"16":0,"17":0,"18":0,"19":0,"20":0,"21":1,"22":1,"23":1,"24":1,"25":0,"26":1,"27":1,"28":0,"29":1,"30":1,"31":0,"32":0,"33":0,"34":0,"35":0,"36":1,"37":0,"38":1,"39":0,"40":0,"41":0,"42":0,"43":0,"44":0,"45":0,"46":0,"47":1,"48":0,"49":0,"50":0,"51":0,"52":0,"53":0,"54":0,"55":0,"56":0,"57":0,"58":0,"59":0,"60":0,"61":0,"62":0,"63":0,"64":0,"65":0,"66":1},"b":{"1":[0,0],"2":[0,0],"3":[0,0],"4":[0,0],"5":[0,0],"6":[0,0],"7":[0,0],"8":[0,0],"9":[0,0],"10":[0,0],"11":[0,0]},"f":{"1":0,"2":0,"3":0,"4":0,"5":0,"6":0,"7":0,"8":0,"9":0,"10":0,"11":0},"fnMap":{"1":{"name":"Watch","line":21,"loc":{"start":{"line":21,"column":0},"end":{"line":21,"column":29}}},"2":{"name":"(anonymous_2)","line":42,"loc":{"start":{"line":42,"column":19},"end":{"line":42,"column":30}}},"3":{"name":"(anonymous_3)","line":59,"loc":{"start":{"line":59,"column":28},"end":{"line":59,"column":39}}},"4":{"name":"(anonymous_4)","line":69,"loc":{"start":{"line":69,"column":29},"end":{"line":69,"column":40}}},"5":{"name":"(anonymous_5)","line":79,"loc":{"start":{"line":79,"column":22},"end":{"line":79,"column":33}}},"6":{"name":"(anonymous_6)","line":91,"loc":{"start":{"line":91,"column":24},"end":{"line":91,"column":35}}},"7":{"name":"(anonymous_7)","line":99,"loc":{"start":{"line":99,"column":23},"end":{"line":99,"column":42}}},"8":{"name":"(anonymous_8)","line":108,"loc":{"start":{"line":108,"column":26},"end":{"line":108,"column":37}}},"9":{"name":"(anonymous_9)","line":115,"loc":{"start":{"line":115,"column":23},"end":{"line":115,"column":34}}},"10":{"name":"(anonymous_10)","line":124,"loc":{"start":{"line":124,"column":43},"end":{"line":124,"column":68}}},"11":{"name":"(anonymous_11)","line":141,"loc":{"start":{"line":141,"column":23},"end":{"line":141,"column":34}}}},"statementMap":{"1":{"start":{"line":11,"column":0},"end":{"line":11,"column":31}},"2":{"start":{"line":12,"column":0},"end":{"line":12,"column":27}},"3":{"start":{"line":14,"column":0},"end":{"line":14,"column":33}},"4":{"start":{"line":15,"column":0},"end":{"line":15,"column":31}},"5":{"start":{"line":21,"column":0},"end":{"line":43,"column":1}},"6":{"start":{"line":22,"column":2},"end":{"line":22,"column":18}},"7":{"start":{"line":24,"column":2},"end":{"line":24,"column":33}},"8":{"start":{"line":26,"column":2},"end":{"line":26,"column":35}},"9":{"start":{"line":28,"column":2},"end":{"line":28,"column":56}},"10":{"start":{"line":29,"column":2},"end":{"line":29,"column":54}},"11":{"start":{"line":30,"column":2},"end":{"line":30,"column":39}},"12":{"start":{"line":31,"column":2},"end":{"line":31,"column":39}},"13":{"start":{"line":33,"column":2},"end":{"line":33,"column":37}},"14":{"start":{"line":34,"column":2},"end":{"line":34,"column":26}},"15":{"start":{"line":35,"column":2},"end":{"line":35,"column":21}},"16":{"start":{"line":36,"column":2},"end":{"line":36,"column":29}},"17":{"start":{"line":38,"column":2},"end":{"line":40,"column":3}},"18":{"start":{"line":39,"column":4},"end":{"line":39,"column":47}},"19":{"start":{"line":42,"column":2},"end":{"line":42,"column":48}},"20":{"start":{"line":42,"column":32},"end":{"line":42,"column":44}},"21":{"start":{"line":45,"column":0},"end":{"line":45,"column":42}},"22":{"start":{"line":51,"column":0},"end":{"line":51,"column":16}},"23":{"start":{"line":57,"column":0},"end":{"line":57,"column":40}},"24":{"start":{"line":59,"column":0},"end":{"line":61,"column":2}},"25":{"start":{"line":60,"column":2},"end":{"line":60,"column":20}},"26":{"start":{"line":67,"column":0},"end":{"line":67,"column":41}},"27":{"start":{"line":69,"column":0},"end":{"line":71,"column":2}},"28":{"start":{"line":70,"column":2},"end":{"line":70,"column":26}},"29":{"start":{"line":77,"column":0},"end":{"line":77,"column":34}},"30":{"start":{"line":79,"column":0},"end":{"line":85,"column":2}},"31":{"start":{"line":80,"column":2},"end":{"line":80,"column":24}},"32":{"start":{"line":80,"column":17},"end":{"line":80,"column":24}},"33":{"start":{"line":81,"column":2},"end":{"line":81,"column":19}},"34":{"start":{"line":83,"column":2},"end":{"line":83,"column":22}},"35":{"start":{"line":84,"column":2},"end":{"line":84,"column":19}},"36":{"start":{"line":91,"column":0},"end":{"line":93,"column":2}},"37":{"start":{"line":92,"column":2},"end":{"line":92,"column":60}},"38":{"start":{"line":99,"column":0},"end":{"line":109,"column":2}},"39":{"start":{"line":100,"column":2},"end":{"line":100,"column":18}},"40":{"start":{"line":102,"column":2},"end":{"line":102,"column":24}},"41":{"start":{"line":102,"column":17},"end":{"line":102,"column":24}},"42":{"start":{"line":104,"column":2},"end":{"line":104,"column":31}},"43":{"start":{"line":106,"column":2},"end":{"line":106,"column":55}},"44":{"start":{"line":106,"column":37},"end":{"line":106,"column":55}},"45":{"start":{"line":108,"column":2},"end":{"line":108,"column":75}},"46":{"start":{"line":108,"column":39},"end":{"line":108,"column":51}},"47":{"start":{"line":115,"column":0},"end":{"line":146,"column":2}},"48":{"start":{"line":116,"column":2},"end":{"line":116,"column":18}},"49":{"start":{"line":118,"column":2},"end":{"line":118,"column":24}},"50":{"start":{"line":118,"column":17},"end":{"line":118,"column":24}},"51":{"start":{"line":120,"column":2},"end":{"line":120,"column":40}},"52":{"start":{"line":121,"column":2},"end":{"line":121,"column":18}},"53":{"start":{"line":123,"column":2},"end":{"line":145,"column":3}},"54":{"start":{"line":124,"column":4},"end":{"line":142,"column":7}},"55":{"start":{"line":125,"column":6},"end":{"line":127,"column":7}},"56":{"start":{"line":126,"column":8},"end":{"line":126,"column":35}},"57":{"start":{"line":129,"column":6},"end":{"line":129,"column":37}},"58":{"start":{"line":131,"column":6},"end":{"line":131,"column":25}},"59":{"start":{"line":133,"column":6},"end":{"line":133,"column":51}},"60":{"start":{"line":135,"column":6},"end":{"line":139,"column":7}},"61":{"start":{"line":136,"column":8},"end":{"line":136,"column":39}},"62":{"start":{"line":138,"column":8},"end":{"line":138,"column":39}},"63":{"start":{"line":141,"column":6},"end":{"line":141,"column":52}},"64":{"start":{"line":141,"column":36},"end":{"line":141,"column":48}},"65":{"start":{"line":144,"column":4},"end":{"line":144,"column":19}},"66":{"start":{"line":152,"column":0},"end":{"line":152,"column":22}}},"branchMap":{"1":{"line":28,"type":"binary-expr","locations":[{"start":{"line":28,"column":36},"end":{"line":28,"column":48}},{"start":{"line":28,"column":52},"end":{"line":28,"column":54}}]},"2":{"line":30,"type":"binary-expr","locations":[{"start":{"line":30,"column":17},"end":{"line":30,"column":29}},{"start":{"line":30,"column":33},"end":{"line":30,"column":38}}]},"3":{"line":31,"type":"binary-expr","locations":[{"start":{"line":31,"column":18},"end":{"line":31,"column":31}},{"start":{"line":31,"column":35},"end":{"line":31,"column":38}}]},"4":{"line":38,"type":"if","locations":[{"start":{"line":38,"column":2},"end":{"line":38,"column":2}},{"start":{"line":38,"column":2},"end":{"line":38,"column":2}}]},"5":{"line":80,"type":"if","locations":[{"start":{"line":80,"column":2},"end":{"line":80,"column":2}},{"start":{"line":80,"column":2},"end":{"line":80,"column":2}}]},"6":{"line":102,"type":"if","locations":[{"start":{"line":102,"column":2},"end":{"line":102,"column":2}},{"start":{"line":102,"column":2},"end":{"line":102,"column":2}}]},"7":{"line":106,"type":"if","locations":[{"start":{"line":106,"column":2},"end":{"line":106,"column":2}},{"start":{"line":106,"column":2},"end":{"line":106,"column":2}}]},"8":{"line":106,"type":"binary-expr","locations":[{"start":{"line":106,"column":6},"end":{"line":106,"column":9}},{"start":{"line":106,"column":13},"end":{"line":106,"column":35}}]},"9":{"line":118,"type":"if","locations":[{"start":{"line":118,"column":2},"end":{"line":118,"column":2}},{"start":{"line":118,"column":2},"end":{"line":118,"column":2}}]},"10":{"line":125,"type":"if","locations":[{"start":{"line":125,"column":6},"end":{"line":125,"column":6}},{"start":{"line":125,"column":6},"end":{"line":125,"column":6}}]},"11":{"line":135,"type":"if","locations":[{"start":{"line":135,"column":6},"end":{"line":135,"column":6}},{"start":{"line":135,"column":6},"end":{"line":135,"column":6}}]}},"code":["/**"," * Watch."," */","","'use strict';","","/**"," * Module dependencies."," */","","var events = require('events');","var util = require('util');","","var errors = require('./errors');","var utils = require('./utils');","","/**"," * Initialize a new `Watch` instance."," */","","function Watch(consul, opts) {","  var self = this;","","  events.EventEmitter.call(self);","","  opts = utils.normalizeKeys(opts);","","  var options = utils.normalizeKeys(opts.options || {});","  options = utils.defaults(options, consul._defaults);","  options.wait = options.wait || '30s';","  options.index = options.index || '0';","","  self._context = { consul: consul };","  self._options = options;","  self._attempts = 0;","  self._method = opts.method;","","  if (typeof opts.method !== 'function') {","    throw errors.Validation('method required');","  }","","  process.nextTick(function() { self._run(); });","}","","util.inherits(Watch, events.EventEmitter);","","/**"," * Object meta"," */","","Watch.meta = {};","","/**"," * Is running"," */","","Watch.meta.isRunning = { type: 'sync' };","","Watch.prototype.isRunning = function() {","  return !this._end;","};","","/**"," * Update time"," */","","Watch.meta.updateTime = { type: 'sync' };","","Watch.prototype.updateTime = function() {","  return this._updateTime;","};","","/**"," * End watch"," */","","Watch.meta.end = { type: 'sync' };","","Watch.prototype.end = function() {","  if (this._end) return;","  this._end = true;","","  this.emit('cancel');","  this.emit('end');","};","","/**"," * Wait"," */","","Watch.prototype._wait = function() {","  return Math.min(Math.pow(2, ++this._attempts), 256) * 100;","};","","/**"," * Error helper"," */","","Watch.prototype._err = function(err, res) {","  var self = this;","","  if (self._end) return;","","  self.emit('error', err, res);","","  if (res && res.statusCode === 400) return self.end();","","  utils.setTimeoutContext(function() { self._run(); }, self, self._wait());","};","","/**"," * Run"," */","","Watch.prototype._run = function() {","  var self = this;","","  if (self._end) return;","","  var opts = utils.clone(self._options);","  opts.ctx = self;","","  try {","    self._method.call(self._context, opts, function(err, data, res) {","      if (err) {","        return self._err(err, res);","      }","","      self._updateTime = +new Date();","","      self._attempts = 0;","","      var newIndex = res.headers['x-consul-index'];","","      if (utils.hasIndexChanged(newIndex, self._options.index)) {","        self._options.index = newIndex;","","        self.emit('change', data, res);","      }","","      process.nextTick(function() { self._run(); });","    });","  } catch (err) {","    self._err(err);","  }","};","","/**"," * Module exports."," */","","exports.Watch = Watch;",""],"l":{"11":1,"12":1,"14":1,"15":1,"21":1,"22":0,"24":0,"26":0,"28":0,"29":0,"30":0,"31":0,"33":0,"34":0,"35":0,"36":0,"38":0,"39":0,"42":0,"45":1,"51":1,"57":1,"59":1,"60":0,"67":1,"69":1,"70":0,"77":1,"79":1,"80":0,"81":0,"83":0,"84":0,"91":1,"92":0,"99":1,"100":0,"102":0,"104":0,"106":0,"108":0,"115":1,"116":0,"118":0,"120":0,"121":0,"123":0,"124":0,"125":0,"126":0,"129":0,"131":0,"133":0,"135":0,"136":0,"138":0,"141":0,"144":0,"152":1}}}